<?xml version="1.0" encoding="UTF-8"?>
<testng-results ignored="0" total="1" passed="1" failed="0" skipped="0">
  <reporter-output>
  </reporter-output>
  <suite started-at="2022-05-07T11:53:21 CEST" name="Default suite" finished-at="2022-05-07T11:53:31 CEST" duration-ms="9596">
    <groups>
    </groups>
    <test started-at="2022-05-07T11:53:21 CEST" name="Default test" finished-at="2022-05-07T11:53:31 CEST" duration-ms="9596">
      <class name="testcases.CreateProfileTest">
        <test-method signature="createProfileTest()[pri:0, instance:testcases.CreateProfileTest@770d3326]" started-at="2022-05-07T11:53:21 CEST" name="createProfileTest" finished-at="2022-05-07T11:53:31 CEST" duration-ms="9559" status="PASS">
          <reporter-output>
          </reporter-output>
        </test-method> <!-- createProfileTest -->
      </class> <!-- testcases.CreateProfileTest -->
    </test> <!-- Default test -->
  </suite> <!-- Default suite -->
</testng-results>
