<?xml version="1.0" encoding="UTF-8"?>
<!-- Generated by org.testng.reporters.JUnitXMLReporter -->
<testsuite ignored="3" hostname="pavans-mbp.home" failures="0" tests="2" name="Create Portfolio Test" time="8.446" errors="0" timestamp="2022-05-01T01:10:47 CEST">
  <testcase classname="testcases.rediff.Session" name="doLogin" time="5.208"/>
  <testcase classname="testcases.rediff.PortfolioManagement" name="createPortfolio" time="3.171"/>
  <testcase classname="testcases.rediff.PortfolioManagement" name="deletePortfolio" time="0.0">
    <ignored/>
  </testcase> <!-- deletePortfolio -->
  <testcase classname="testcases.rediff.Session" name="doLogout" time="0.0">
    <ignored/>
  </testcase> <!-- doLogout -->
  <testcase classname="testbase.BaseTest" name="@BeforeTest beforeTest" time="0.0">
    <ignored/>
  </testcase> <!-- @BeforeTest beforeTest -->
</testsuite> <!-- Create Portfolio Test -->
