<?xml version="1.0" encoding="UTF-8"?>
<testng-results ignored="0" total="6" passed="6" failed="0" skipped="0">
  <reporter-output>
  </reporter-output>
  <suite started-at="2022-04-26T20:41:24 CEST" name="Booking Suite" finished-at="2022-04-26T20:41:24 CEST" duration-ms="210">
    <groups>
    </groups>
    <test started-at="2022-04-26T20:41:24 CEST" name="Create Booking Test - NO Discount - Pay@Hotel" finished-at="2022-04-26T20:41:24 CEST" duration-ms="46">
      <class name="testcases.PaymentManager">
        <test-method signature="applyDiscount()[pri:0, instance:testcases.PaymentManager@123f1134]" started-at="2022-04-26T20:41:24 CEST" name="applyDiscount" finished-at="2022-04-26T20:41:24 CEST" duration-ms="0" status="PASS">
          <reporter-output>
          </reporter-output>
        </test-method> <!-- applyDiscount -->
        <test-method signature="makePayment()[pri:0, instance:testcases.PaymentManager@123f1134]" started-at="2022-04-26T20:41:24 CEST" name="makePayment" finished-at="2022-04-26T20:41:24 CEST" duration-ms="0" status="PASS">
          <reporter-output>
          </reporter-output>
        </test-method> <!-- makePayment -->
      </class> <!-- testcases.PaymentManager -->
      <class name="testcases.BookingSearch">
        <test-method signature="searchHotel()[pri:0, instance:testcases.BookingSearch@6328d34a]" started-at="2022-04-26T20:41:24 CEST" name="searchHotel" finished-at="2022-04-26T20:41:24 CEST" duration-ms="5" status="PASS">
          <reporter-output>
          </reporter-output>
        </test-method> <!-- searchHotel -->
        <test-method signature="selectHotel()[pri:0, instance:testcases.BookingSearch@6328d34a]" started-at="2022-04-26T20:41:24 CEST" name="selectHotel" finished-at="2022-04-26T20:41:24 CEST" duration-ms="0" status="PASS">
          <reporter-output>
          </reporter-output>
        </test-method> <!-- selectHotel -->
        <test-method signature="enterGuestInfo()[pri:0, instance:testcases.BookingSearch@6328d34a]" started-at="2022-04-26T20:41:24 CEST" name="enterGuestInfo" finished-at="2022-04-26T20:41:24 CEST" duration-ms="1" status="PASS">
          <reporter-output>
          </reporter-output>
        </test-method> <!-- enterGuestInfo -->
      </class> <!-- testcases.BookingSearch -->
      <class name="testcases.CustomerCommunications">
        <test-method signature="doLogin()[pri:0, instance:testcases.CustomerCommunications@7d68ef40]" started-at="2022-04-26T20:41:24 CEST" name="doLogin" finished-at="2022-04-26T20:41:24 CEST" duration-ms="0" status="PASS">
          <reporter-output>
          </reporter-output>
        </test-method> <!-- doLogin -->
      </class> <!-- testcases.CustomerCommunications -->
    </test> <!-- Create Booking Test - NO Discount - Pay@Hotel -->
    <test started-at="2022-04-26T20:41:24 CEST" name="Command line test 28fb34fa-423f-4222-b75e-096cc5fff0da" finished-at="2022-04-26T20:41:24 CEST" duration-ms="13">
    </test> <!-- Command line test 28fb34fa-423f-4222-b75e-096cc5fff0da -->
  </suite> <!-- Booking Suite -->
</testng-results>
