<?xml version="1.0" encoding="UTF-8"?>
<testng-results skipped="0" failed="0" ignored="0" total="1" passed="1">
  <reporter-output>
  </reporter-output>
  <suite name="Default suite" duration-ms="549" started-at="2022-04-09T20:47:02 IST" finished-at="2022-04-09T20:47:02 IST">
    <groups>
    </groups>
    <test name="Default test" duration-ms="549" started-at="2022-04-09T20:47:02 IST" finished-at="2022-04-09T20:47:02 IST">
      <class name="suitea.TestA">
        <test-method status="PASS" signature="init(org.testng.ITestResult)[pri:0, instance:suitea.TestA@1a3869f4]" name="init" is-config="true" duration-ms="104" started-at="2022-04-09T20:47:02 IST" finished-at="2022-04-09T20:47:02 IST">
          <params>
            <param index="0">
              <value>
                <![CDATA[[TestResult name={null} status=CREATED method=TestA.testA()[pri:0, instance:suitea.TestA@1a3869f4] output={null}]]]>
              </value>
            </param>
          </params>
          <reporter-output>
          </reporter-output>
        </test-method> <!-- init -->
        <test-method status="PASS" signature="testA()[pri:0, instance:suitea.TestA@1a3869f4]" name="testA" duration-ms="9" started-at="2022-04-09T20:47:02 IST" finished-at="2022-04-09T20:47:02 IST">
          <reporter-output>
          </reporter-output>
        </test-method> <!-- testA -->
        <test-method status="PASS" signature="quit()[pri:0, instance:suitea.TestA@1a3869f4]" name="quit" is-config="true" duration-ms="386" started-at="2022-04-09T20:47:02 IST" finished-at="2022-04-09T20:47:02 IST">
          <reporter-output>
          </reporter-output>
        </test-method> <!-- quit -->
      </class> <!-- suitea.TestA -->
    </test> <!-- Default test -->
  </suite> <!-- Default suite -->
</testng-results>
