<?xml version="1.0" encoding="UTF-8"?>
<testng-results skipped="0" failed="0" ignored="0" total="1" passed="1">
  <reporter-output>
  </reporter-output>
  <suite name="Default suite" duration-ms="8356" started-at="2022-04-16T09:29:10 IST" finished-at="2022-04-16T09:29:18 IST">
    <groups>
    </groups>
    <test name="Default test" duration-ms="8356" started-at="2022-04-16T09:29:10 IST" finished-at="2022-04-16T09:29:18 IST">
      <class name="com.zoho.tests.LoginTest">
        <test-method status="PASS" signature="loginTest()[pri:0, instance:com.zoho.tests.LoginTest@57e1b0c]" name="loginTest" duration-ms="8304" started-at="2022-04-16T09:29:10 IST" finished-at="2022-04-16T09:29:18 IST">
          <reporter-output>
          </reporter-output>
        </test-method> <!-- loginTest -->
      </class> <!-- com.zoho.tests.LoginTest -->
    </test> <!-- Default test -->
  </suite> <!-- Default suite -->
</testng-results>
