<?xml version="1.0" encoding="UTF-8"?>
<testng-results ignored="0" total="1" passed="1" failed="0" skipped="0">
  <reporter-output>
  </reporter-output>
  <suite started-at="2022-04-15T21:57:36 IST" name="Default suite" finished-at="2022-04-15T21:57:48 IST" duration-ms="11701">
    <groups>
    </groups>
    <test started-at="2022-04-15T21:57:36 IST" name="Default test" finished-at="2022-04-15T21:57:48 IST" duration-ms="11701">
      <class name="testcases.LoginTest">
        <test-method signature="loginTest()[pri:0, instance:testcases.LoginTest@1329eff]" started-at="2022-04-15T21:57:36 IST" name="loginTest" finished-at="2022-04-15T21:57:48 IST" duration-ms="11661" status="PASS">
          <reporter-output>
          </reporter-output>
        </test-method> <!-- loginTest -->
      </class> <!-- testcases.LoginTest -->
    </test> <!-- Default test -->
  </suite> <!-- Default suite -->
</testng-results>
