<?xml version="1.0" encoding="UTF-8"?>
<testng-results ignored="0" total="1" passed="1" failed="0" skipped="0">
  <reporter-output>
  </reporter-output>
  <suite started-at="2022-04-27T12:07:36 CEST" name="Default suite" finished-at="2022-04-27T12:07:44 CEST" duration-ms="8005">
    <groups>
    </groups>
    <test started-at="2022-04-27T12:07:36 CEST" name="Default test" finished-at="2022-04-27T12:07:44 CEST" duration-ms="8005">
      <class name="com.zoho.tests.LoginTest">
        <test-method signature="loginTest()[pri:0, instance:com.zoho.tests.LoginTest@3514a4c0]" started-at="2022-04-27T12:07:36 CEST" name="loginTest" finished-at="2022-04-27T12:07:44 CEST" duration-ms="7975" status="PASS">
          <reporter-output>
          </reporter-output>
        </test-method> <!-- loginTest -->
      </class> <!-- com.zoho.tests.LoginTest -->
    </test> <!-- Default test -->
  </suite> <!-- Default suite -->
</testng-results>
