<?xml version="1.0" encoding="UTF-8"?>
<testng-results skipped="0" failed="0" ignored="0" total="13" passed="13">
  <reporter-output>
  </reporter-output>
  <suite name="Suite B" duration-ms="13298" started-at="2022-04-09T11:29:14 IST" finished-at="2022-04-09T11:29:27 IST">
    <groups>
    </groups>
    <test name="Test B" duration-ms="4157" started-at="2022-04-09T11:29:14 IST" finished-at="2022-04-09T11:29:18 IST">
      <class name="suiteb.TestB">
        <test-method status="PASS" signature="init(org.testng.ITestResult)[pri:0, instance:suiteb.TestB@2f0a87b3]" name="init" is-config="true" duration-ms="1" started-at="2022-04-09T11:29:14 IST" finished-at="2022-04-09T11:29:14 IST">
          <params>
            <param index="0">
              <value>
                <![CDATA[[TestResult name={null} status=CREATED method=TestB.testB(java.lang.String,java.lang.String,java.lang.String)[pri:0, instance:suiteb.TestB@2f0a87b3] output={null}]]]>
              </value>
            </param>
          </params>
          <reporter-output>
          </reporter-output>
        </test-method> <!-- init -->
        <test-method status="PASS" signature="testB(java.lang.String,java.lang.String,java.lang.String)[pri:0, instance:suiteb.TestB@2f0a87b3]" name="testB" duration-ms="2015" started-at="2022-04-09T11:29:14 IST" data-provider="dataSuiteB" finished-at="2022-04-09T11:29:16 IST">
          <params>
            <param index="0">
              <value>
                <![CDATA[B1]]>
              </value>
            </param>
            <param index="1">
              <value>
                <![CDATA[ROW1]]>
              </value>
            </param>
            <param index="2">
              <value>
                <![CDATA[Chrome]]>
              </value>
            </param>
          </params>
          <reporter-output>
          </reporter-output>
        </test-method> <!-- testB -->
        <test-method status="PASS" signature="quit()[pri:0, instance:suiteb.TestB@2f0a87b3]" name="quit" is-config="true" duration-ms="45" started-at="2022-04-09T11:29:16 IST" finished-at="2022-04-09T11:29:16 IST">
          <reporter-output>
          </reporter-output>
        </test-method> <!-- quit -->
        <test-method status="PASS" signature="init(org.testng.ITestResult)[pri:0, instance:suiteb.TestB@2f0a87b3]" name="init" is-config="true" duration-ms="2" started-at="2022-04-09T11:29:16 IST" finished-at="2022-04-09T11:29:16 IST">
          <params>
            <param index="0">
              <value>
                <![CDATA[[TestResult name={null} status=CREATED method=TestB.testB(java.lang.String,java.lang.String,java.lang.String)[pri:0, instance:suiteb.TestB@2f0a87b3] output={null}]]]>
              </value>
            </param>
          </params>
          <reporter-output>
          </reporter-output>
        </test-method> <!-- init -->
        <test-method status="PASS" signature="testB(java.lang.String,java.lang.String,java.lang.String)[pri:0, instance:suiteb.TestB@2f0a87b3]" name="testB" duration-ms="2012" started-at="2022-04-09T11:29:16 IST" data-provider="dataSuiteB" finished-at="2022-04-09T11:29:18 IST">
          <params>
            <param index="0">
              <value>
                <![CDATA[B1]]>
              </value>
            </param>
            <param index="1">
              <value>
                <![CDATA[ROW2]]>
              </value>
            </param>
            <param index="2">
              <value>
                <![CDATA[IE]]>
              </value>
            </param>
          </params>
          <reporter-output>
          </reporter-output>
        </test-method> <!-- testB -->
        <test-method status="PASS" signature="quit()[pri:0, instance:suiteb.TestB@2f0a87b3]" name="quit" is-config="true" duration-ms="45" started-at="2022-04-09T11:29:18 IST" finished-at="2022-04-09T11:29:18 IST">
          <reporter-output>
          </reporter-output>
        </test-method> <!-- quit -->
      </class> <!-- suiteb.TestB -->
    </test> <!-- Test B -->
    <test name="Test BB" duration-ms="4122" started-at="2022-04-09T11:29:23 IST" finished-at="2022-04-09T11:29:27 IST">
      <class name="suiteb.TestBB">
        <test-method status="PASS" signature="init(org.testng.ITestResult)[pri:0, instance:suiteb.TestBB@5579bb86]" name="init" is-config="true" duration-ms="1" started-at="2022-04-09T11:29:23 IST" finished-at="2022-04-09T11:29:23 IST">
          <params>
            <param index="0">
              <value>
                <![CDATA[[TestResult name={null} status=CREATED method=TestBB.testBB(java.lang.String,java.lang.String)[pri:0, instance:suiteb.TestBB@5579bb86] output={null}]]]>
              </value>
            </param>
          </params>
          <reporter-output>
          </reporter-output>
        </test-method> <!-- init -->
        <test-method status="PASS" signature="testBB(java.lang.String,java.lang.String)[pri:0, instance:suiteb.TestBB@5579bb86]" name="testBB" duration-ms="2011" started-at="2022-04-09T11:29:23 IST" data-provider="dataSuiteB" finished-at="2022-04-09T11:29:25 IST">
          <params>
            <param index="0">
              <value>
                <![CDATA[BB1]]>
              </value>
            </param>
            <param index="1">
              <value>
                <![CDATA[ROW1]]>
              </value>
            </param>
          </params>
          <reporter-output>
          </reporter-output>
        </test-method> <!-- testBB -->
        <test-method status="PASS" signature="quit()[pri:0, instance:suiteb.TestBB@5579bb86]" name="quit" is-config="true" duration-ms="34" started-at="2022-04-09T11:29:25 IST" finished-at="2022-04-09T11:29:25 IST">
          <reporter-output>
          </reporter-output>
        </test-method> <!-- quit -->
        <test-method status="PASS" signature="init(org.testng.ITestResult)[pri:0, instance:suiteb.TestBB@5579bb86]" name="init" is-config="true" duration-ms="1" started-at="2022-04-09T11:29:25 IST" finished-at="2022-04-09T11:29:25 IST">
          <params>
            <param index="0">
              <value>
                <![CDATA[[TestResult name={null} status=CREATED method=TestBB.testBB(java.lang.String,java.lang.String)[pri:0, instance:suiteb.TestBB@5579bb86] output={null}]]]>
              </value>
            </param>
          </params>
          <reporter-output>
          </reporter-output>
        </test-method> <!-- init -->
        <test-method status="PASS" signature="testBB(java.lang.String,java.lang.String)[pri:0, instance:suiteb.TestBB@5579bb86]" name="testBB" duration-ms="2010" started-at="2022-04-09T11:29:25 IST" data-provider="dataSuiteB" finished-at="2022-04-09T11:29:27 IST">
          <params>
            <param index="0">
              <value>
                <![CDATA[BB1]]>
              </value>
            </param>
            <param index="1">
              <value>
                <![CDATA[ROW2]]>
              </value>
            </param>
          </params>
          <reporter-output>
          </reporter-output>
        </test-method> <!-- testBB -->
        <test-method status="PASS" signature="quit()[pri:0, instance:suiteb.TestBB@5579bb86]" name="quit" is-config="true" duration-ms="39" started-at="2022-04-09T11:29:27 IST" finished-at="2022-04-09T11:29:27 IST">
          <reporter-output>
          </reporter-output>
        </test-method> <!-- quit -->
      </class> <!-- suiteb.TestBB -->
    </test> <!-- Test BB -->
  </suite> <!-- Suite B -->
  <suite name="Suite C" duration-ms="15340" started-at="2022-04-09T11:29:32 IST" finished-at="2022-04-09T11:29:47 IST">
    <groups>
    </groups>
    <test name="Test C" duration-ms="4153" started-at="2022-04-09T11:29:32 IST" finished-at="2022-04-09T11:29:36 IST">
      <class name="suitec.TestC">
        <test-method status="PASS" signature="init(org.testng.ITestResult)[pri:0, instance:suitec.TestC@7a36aefa]" name="init" is-config="true" duration-ms="2" started-at="2022-04-09T11:29:32 IST" finished-at="2022-04-09T11:29:32 IST">
          <params>
            <param index="0">
              <value>
                <![CDATA[[TestResult name={null} status=CREATED method=TestC.testC(java.lang.String)[pri:0, instance:suitec.TestC@7a36aefa] output={null}]]]>
              </value>
            </param>
          </params>
          <reporter-output>
          </reporter-output>
        </test-method> <!-- init -->
        <test-method status="PASS" signature="testC(java.lang.String)[pri:0, instance:suitec.TestC@7a36aefa]" name="testC" duration-ms="2011" started-at="2022-04-09T11:29:32 IST" data-provider="dataSuiteC" finished-at="2022-04-09T11:29:34 IST">
          <params>
            <param index="0">
              <value>
                <![CDATA[C0]]>
              </value>
            </param>
          </params>
          <reporter-output>
          </reporter-output>
        </test-method> <!-- testC -->
        <test-method status="PASS" signature="quit()[pri:0, instance:suitec.TestC@7a36aefa]" name="quit" is-config="true" duration-ms="66" started-at="2022-04-09T11:29:34 IST" finished-at="2022-04-09T11:29:34 IST">
          <reporter-output>
          </reporter-output>
        </test-method> <!-- quit -->
        <test-method status="PASS" signature="init(org.testng.ITestResult)[pri:0, instance:suitec.TestC@7a36aefa]" name="init" is-config="true" duration-ms="3" started-at="2022-04-09T11:29:34 IST" finished-at="2022-04-09T11:29:34 IST">
          <params>
            <param index="0">
              <value>
                <![CDATA[[TestResult name={null} status=CREATED method=TestC.testC(java.lang.String)[pri:0, instance:suitec.TestC@7a36aefa] output={null}]]]>
              </value>
            </param>
          </params>
          <reporter-output>
          </reporter-output>
        </test-method> <!-- init -->
        <test-method status="PASS" signature="testC(java.lang.String)[pri:0, instance:suitec.TestC@7a36aefa]" name="testC" duration-ms="2012" started-at="2022-04-09T11:29:34 IST" data-provider="dataSuiteC" finished-at="2022-04-09T11:29:36 IST">
          <params>
            <param index="0">
              <value>
                <![CDATA[C1]]>
              </value>
            </param>
          </params>
          <reporter-output>
          </reporter-output>
        </test-method> <!-- testC -->
        <test-method status="PASS" signature="quit()[pri:0, instance:suitec.TestC@7a36aefa]" name="quit" is-config="true" duration-ms="29" started-at="2022-04-09T11:29:36 IST" finished-at="2022-04-09T11:29:36 IST">
          <reporter-output>
          </reporter-output>
        </test-method> <!-- quit -->
      </class> <!-- suitec.TestC -->
    </test> <!-- Test C -->
    <test name="Test CC" duration-ms="6165" started-at="2022-04-09T11:29:41 IST" finished-at="2022-04-09T11:29:47 IST">
      <class name="suitec.TestCC">
        <test-method status="PASS" signature="init(org.testng.ITestResult)[pri:0, instance:suitec.TestCC@6fb0d3ed]" name="init" is-config="true" duration-ms="1" started-at="2022-04-09T11:29:41 IST" finished-at="2022-04-09T11:29:41 IST">
          <params>
            <param index="0">
              <value>
                <![CDATA[[TestResult name={null} status=CREATED method=TestCC.testCC(java.lang.String,java.lang.String)[pri:0, instance:suitec.TestCC@6fb0d3ed] output={null}]]]>
              </value>
            </param>
          </params>
          <reporter-output>
          </reporter-output>
        </test-method> <!-- init -->
        <test-method status="PASS" signature="testCC(java.lang.String,java.lang.String)[pri:0, instance:suitec.TestCC@6fb0d3ed]" name="testCC" duration-ms="2012" started-at="2022-04-09T11:29:41 IST" data-provider="dataSuiteC" finished-at="2022-04-09T11:29:43 IST">
          <params>
            <param index="0">
              <value>
                <![CDATA[CC1]]>
              </value>
            </param>
            <param index="1">
              <value>
                <![CDATA[Admin]]>
              </value>
            </param>
          </params>
          <reporter-output>
          </reporter-output>
        </test-method> <!-- testCC -->
        <test-method status="PASS" signature="quit()[pri:0, instance:suitec.TestCC@6fb0d3ed]" name="quit" is-config="true" duration-ms="38" started-at="2022-04-09T11:29:43 IST" finished-at="2022-04-09T11:29:43 IST">
          <reporter-output>
          </reporter-output>
        </test-method> <!-- quit -->
        <test-method status="PASS" signature="init(org.testng.ITestResult)[pri:0, instance:suitec.TestCC@6fb0d3ed]" name="init" is-config="true" duration-ms="2" started-at="2022-04-09T11:29:43 IST" finished-at="2022-04-09T11:29:43 IST">
          <params>
            <param index="0">
              <value>
                <![CDATA[[TestResult name={null} status=CREATED method=TestCC.testCC(java.lang.String,java.lang.String)[pri:0, instance:suitec.TestCC@6fb0d3ed] output={null}]]]>
              </value>
            </param>
          </params>
          <reporter-output>
          </reporter-output>
        </test-method> <!-- init -->
        <test-method status="PASS" signature="testCC(java.lang.String,java.lang.String)[pri:0, instance:suitec.TestCC@6fb0d3ed]" name="testCC" duration-ms="2009" started-at="2022-04-09T11:29:43 IST" data-provider="dataSuiteC" finished-at="2022-04-09T11:29:45 IST">
          <params>
            <param index="0">
              <value>
                <![CDATA[CC2]]>
              </value>
            </param>
            <param index="1">
              <value>
                <![CDATA[HR]]>
              </value>
            </param>
          </params>
          <reporter-output>
          </reporter-output>
        </test-method> <!-- testCC -->
        <test-method status="PASS" signature="quit()[pri:0, instance:suitec.TestCC@6fb0d3ed]" name="quit" is-config="true" duration-ms="27" started-at="2022-04-09T11:29:45 IST" finished-at="2022-04-09T11:29:45 IST">
          <reporter-output>
          </reporter-output>
        </test-method> <!-- quit -->
        <test-method status="PASS" signature="init(org.testng.ITestResult)[pri:0, instance:suitec.TestCC@6fb0d3ed]" name="init" is-config="true" duration-ms="2" started-at="2022-04-09T11:29:45 IST" finished-at="2022-04-09T11:29:45 IST">
          <params>
            <param index="0">
              <value>
                <![CDATA[[TestResult name={null} status=CREATED method=TestCC.testCC(java.lang.String,java.lang.String)[pri:0, instance:suitec.TestCC@6fb0d3ed] output={null}]]]>
              </value>
            </param>
          </params>
          <reporter-output>
          </reporter-output>
        </test-method> <!-- init -->
        <test-method status="PASS" signature="testCC(java.lang.String,java.lang.String)[pri:0, instance:suitec.TestCC@6fb0d3ed]" name="testCC" duration-ms="2008" started-at="2022-04-09T11:29:45 IST" data-provider="dataSuiteC" finished-at="2022-04-09T11:29:47 IST">
          <params>
            <param index="0">
              <value>
                <![CDATA[CC3]]>
              </value>
            </param>
            <param index="1">
              <value>
                <![CDATA[Dev]]>
              </value>
            </param>
          </params>
          <reporter-output>
          </reporter-output>
        </test-method> <!-- testCC -->
        <test-method status="PASS" signature="quit()[pri:0, instance:suitec.TestCC@6fb0d3ed]" name="quit" is-config="true" duration-ms="37" started-at="2022-04-09T11:29:47 IST" finished-at="2022-04-09T11:29:47 IST">
          <reporter-output>
          </reporter-output>
        </test-method> <!-- quit -->
      </class> <!-- suitec.TestCC -->
    </test> <!-- Test CC -->
  </suite> <!-- Suite C -->
  <suite name="My Test Suite" duration-ms="0" started-at="2022-04-09T11:29:52 IST" finished-at="2022-04-09T11:29:52 IST">
    <groups>
    </groups>
  </suite> <!-- My Test Suite -->
  <suite name="Suite A" duration-ms="13797" started-at="2022-04-09T11:28:55 IST" finished-at="2022-04-09T11:29:08 IST">
    <groups>
    </groups>
    <test name="Test A" duration-ms="4671" started-at="2022-04-09T11:28:55 IST" finished-at="2022-04-09T11:28:59 IST">
      <class name="suitea.TestA">
        <test-method status="PASS" signature="init(org.testng.ITestResult)[pri:0, instance:suitea.TestA@eafc191]" name="init" is-config="true" duration-ms="104" started-at="2022-04-09T11:28:55 IST" finished-at="2022-04-09T11:28:55 IST">
          <params>
            <param index="0">
              <value>
                <![CDATA[[TestResult name={null} status=CREATED method=TestA.testA(java.lang.String,java.lang.String)[pri:0, instance:suitea.TestA@eafc191] output={null}]]]>
              </value>
            </param>
          </params>
          <reporter-output>
          </reporter-output>
        </test-method> <!-- init -->
        <test-method status="PASS" signature="testA(java.lang.String,java.lang.String)[pri:0, instance:suitea.TestA@eafc191]" name="testA" duration-ms="2022" started-at="2022-04-09T11:28:55 IST" data-provider="dataSuiteA" finished-at="2022-04-09T11:28:57 IST">
          <params>
            <param index="0">
              <value>
                <![CDATA[A00000001]]>
              </value>
            </param>
            <param index="1">
              <value>
                <![CDATA[P1]]>
              </value>
            </param>
          </params>
          <reporter-output>
          </reporter-output>
        </test-method> <!-- testA -->
        <test-method status="PASS" signature="quit()[pri:0, instance:suitea.TestA@eafc191]" name="quit" is-config="true" duration-ms="397" started-at="2022-04-09T11:28:57 IST" finished-at="2022-04-09T11:28:57 IST">
          <reporter-output>
          </reporter-output>
        </test-method> <!-- quit -->
        <test-method status="PASS" signature="init(org.testng.ITestResult)[pri:0, instance:suitea.TestA@eafc191]" name="init" is-config="true" duration-ms="1" started-at="2022-04-09T11:28:57 IST" finished-at="2022-04-09T11:28:57 IST">
          <params>
            <param index="0">
              <value>
                <![CDATA[[TestResult name={null} status=CREATED method=TestA.testA(java.lang.String,java.lang.String)[pri:0, instance:suitea.TestA@eafc191] output={null}]]]>
              </value>
            </param>
          </params>
          <reporter-output>
          </reporter-output>
        </test-method> <!-- init -->
        <test-method status="PASS" signature="testA(java.lang.String,java.lang.String)[pri:0, instance:suitea.TestA@eafc191]" name="testA" duration-ms="2011" started-at="2022-04-09T11:28:57 IST" data-provider="dataSuiteA" finished-at="2022-04-09T11:28:59 IST">
          <params>
            <param index="0">
              <value>
                <![CDATA[A2]]>
              </value>
            </param>
            <param index="1">
              <value>
                <![CDATA[P2]]>
              </value>
            </param>
          </params>
          <reporter-output>
          </reporter-output>
        </test-method> <!-- testA -->
        <test-method status="PASS" signature="quit()[pri:0, instance:suitea.TestA@eafc191]" name="quit" is-config="true" duration-ms="39" started-at="2022-04-09T11:28:59 IST" finished-at="2022-04-09T11:28:59 IST">
          <reporter-output>
          </reporter-output>
        </test-method> <!-- quit -->
      </class> <!-- suitea.TestA -->
    </test> <!-- Test A -->
    <test name="Test AA" duration-ms="4102" started-at="2022-04-09T11:29:04 IST" finished-at="2022-04-09T11:29:08 IST">
      <class name="suitea.TestAA">
        <test-method status="PASS" signature="init(org.testng.ITestResult)[pri:0, instance:suitea.TestAA@2641e737]" name="init" is-config="true" duration-ms="1" started-at="2022-04-09T11:29:04 IST" finished-at="2022-04-09T11:29:04 IST">
          <params>
            <param index="0">
              <value>
                <![CDATA[[TestResult name={null} status=CREATED method=TestAA.testAA(java.lang.String,java.lang.String)[pri:0, instance:suitea.TestAA@2641e737] output={null}]]]>
              </value>
            </param>
          </params>
          <reporter-output>
          </reporter-output>
        </test-method> <!-- init -->
        <test-method status="PASS" signature="testAA(java.lang.String,java.lang.String)[pri:0, instance:suitea.TestAA@2641e737]" name="testAA" duration-ms="2008" started-at="2022-04-09T11:29:04 IST" data-provider="dataSuiteA" finished-at="2022-04-09T11:29:06 IST">
          <params>
            <param index="0">
              <value>
                <![CDATA[AA1]]>
              </value>
            </param>
            <param index="1">
              <value>
                <![CDATA[PP1]]>
              </value>
            </param>
          </params>
          <reporter-output>
          </reporter-output>
        </test-method> <!-- testAA -->
        <test-method status="PASS" signature="quit()[pri:0, instance:suitea.TestAA@2641e737]" name="quit" is-config="true" duration-ms="46" started-at="2022-04-09T11:29:06 IST" finished-at="2022-04-09T11:29:06 IST">
          <reporter-output>
          </reporter-output>
        </test-method> <!-- quit -->
        <test-method status="PASS" signature="init(org.testng.ITestResult)[pri:0, instance:suitea.TestAA@2641e737]" name="init" is-config="true" duration-ms="1" started-at="2022-04-09T11:29:06 IST" finished-at="2022-04-09T11:29:06 IST">
          <params>
            <param index="0">
              <value>
                <![CDATA[[TestResult name={null} status=CREATED method=TestAA.testAA(java.lang.String,java.lang.String)[pri:0, instance:suitea.TestAA@2641e737] output={null}]]]>
              </value>
            </param>
          </params>
          <reporter-output>
          </reporter-output>
        </test-method> <!-- init -->
        <test-method status="PASS" signature="testAA(java.lang.String,java.lang.String)[pri:0, instance:suitea.TestAA@2641e737]" name="testAA" duration-ms="2009" started-at="2022-04-09T11:29:06 IST" data-provider="dataSuiteA" finished-at="2022-04-09T11:29:08 IST">
          <params>
            <param index="0">
              <value>
                <![CDATA[AA2]]>
              </value>
            </param>
            <param index="1">
              <value>
                <![CDATA[PP2]]>
              </value>
            </param>
          </params>
          <reporter-output>
          </reporter-output>
        </test-method> <!-- testAA -->
        <test-method status="PASS" signature="quit()[pri:0, instance:suitea.TestAA@2641e737]" name="quit" is-config="true" duration-ms="11" started-at="2022-04-09T11:29:08 IST" finished-at="2022-04-09T11:29:08 IST">
          <reporter-output>
          </reporter-output>
        </test-method> <!-- quit -->
      </class> <!-- suitea.TestAA -->
    </test> <!-- Test AA -->
  </suite> <!-- Suite A -->
</testng-results>
