<?xml version="1.0" encoding="UTF-8"?>
<testng-results ignored="0" total="1" passed="1" failed="0" skipped="0">
  <reporter-output>
  </reporter-output>
  <suite started-at="2022-04-09T00:20:31 IST" name="Default suite" finished-at="2022-04-09T00:20:39 IST" duration-ms="7741">
    <groups>
    </groups>
    <test started-at="2022-04-09T00:20:31 IST" name="Default test" finished-at="2022-04-09T00:20:39 IST" duration-ms="7741">
      <class name="dummy.LoginTest">
        <test-method signature="loginTest()[pri:0, instance:dummy.LoginTest@29d89d5d]" started-at="2022-04-09T00:20:31 IST" name="loginTest" finished-at="2022-04-09T00:20:39 IST" duration-ms="7708" status="PASS">
          <reporter-output>
          </reporter-output>
        </test-method> <!-- loginTest -->
      </class> <!-- dummy.LoginTest -->
    </test> <!-- Default test -->
  </suite> <!-- Default suite -->
</testng-results>
