<?xml version="1.0" encoding="UTF-8"?>
<!-- Generated by org.testng.reporters.JUnitXMLReporter -->
<testsuite ignored="0" hostname="pavans-mbp.home" failures="0" tests="3" name="Default test" time="0.063" errors="0" timestamp="2022-04-26T19:34:29 CEST">
  <testcase classname="testcases.BookingSearch" name="enterGuestInfo" time="0.01"/>
  <testcase classname="testcases.BookingSearch" name="searchHotel" time="0.002"/>
  <testcase classname="testcases.BookingSearch" name="selectHotel" time="0.002"/>
</testsuite> <!-- Default test -->
