<?xml version="1.0" encoding="UTF-8"?>
<!-- Generated by org.testng.reporters.JUnitXMLReporter -->
<testsuite ignored="0" hostname="pavans-mbp.home" failures="0" tests="5" name="Login Test" time="0.047" errors="0" timestamp="2022-04-26T18:55:12 CEST">
  <testcase classname="testcases.Login" name="doLogin" time="0.006"/>
  <testcase classname="testcases.DeleteProfile" name="doDeleteProfile" time="0.0"/>
  <testcase classname="testcases.Register" name="doRegister" time="0.001"/>
  <testcase classname="testcases.ViewProfile" name="doViewProfile" time="0.0"/>
  <testcase classname="testcases.UpdateProfile" name="doUpdateProfile" time="0.0"/>
</testsuite> <!-- Login Test -->
