<?xml version="1.0" encoding="UTF-8"?>
<!-- Generated by org.testng.reporters.JUnitXMLReporter -->
<testsuite hostname="pavans-mbp.home" ignored="5" name="Create Portfolio Test" tests="2" failures="0" timestamp="2022-05-06T22:01:25 CEST" time="24.538" errors="0">
  <testcase name="doLogin" time="9.798" classname="testcases.rediff.Session"/>
  <testcase name="createPortfolio" time="13.909" classname="testcases.rediff.PortfolioManagement"/>
  <testcase name="@AfterTest quit" time="0.0" classname="testbase.BaseTest_My">
    <ignored/>
  </testcase> <!-- @AfterTest quit -->
  <testcase name="@BeforeTest beforeTest" time="0.0" classname="testbase.BaseTest_My">
    <ignored/>
  </testcase> <!-- @BeforeTest beforeTest -->
  <testcase name="selectPortFolio" time="0.0" classname="testcases.rediff.PortfolioManagement">
    <ignored/>
  </testcase> <!-- selectPortFolio -->
  <testcase name="deletePortfolio" time="0.0" classname="testcases.rediff.PortfolioManagement">
    <ignored/>
  </testcase> <!-- deletePortfolio -->
  <testcase name="doLogout" time="0.0" classname="testcases.rediff.Session">
    <ignored/>
  </testcase> <!-- doLogout -->
</testsuite> <!-- Create Portfolio Test -->
