<?xml version="1.0" encoding="UTF-8"?>
<testng-results ignored="0" total="1" passed="1" failed="0" skipped="0">
  <reporter-output>
  </reporter-output>
  <suite started-at="2022-04-01T13:12:42 IST" name="Default suite" finished-at="2022-04-01T13:12:52 IST" duration-ms="9221">
    <groups>
    </groups>
    <test started-at="2022-04-01T13:12:42 IST" name="Default test" finished-at="2022-04-01T13:12:52 IST" duration-ms="9221">
      <class name="testcases.LoginTest">
        <test-method signature="loginTest()[pri:0, instance:testcases.LoginTest@37654521]" started-at="2022-04-01T13:12:42 IST" name="loginTest" finished-at="2022-04-01T13:12:52 IST" duration-ms="9185" status="PASS">
          <reporter-output>
          </reporter-output>
        </test-method> <!-- loginTest -->
      </class> <!-- testcases.LoginTest -->
    </test> <!-- Default test -->
  </suite> <!-- Default suite -->
</testng-results>
