<?xml version="1.0" encoding="UTF-8"?>
<!-- Generated by org.testng.reporters.JUnitXMLReporter -->
<testsuite ignored="0" hostname="Pavans-MBP" failures="0" tests="3" name="Test A" time="0.082" errors="0" timestamp="2022-03-29T23:45:25 IST">
  <testcase classname="testcases_static_demo.TestC" name="testC" time="0.013"/>
  <testcase classname="testcases_static_demo.TestB" name="testB" time="0.013"/>
  <testcase classname="testcases_static_demo.TestA" name="testA" time="0.017"/>
</testsuite> <!-- Test A -->
