<?xml version="1.0" encoding="UTF-8"?>
<testng-results skipped="0" failed="0" ignored="0" total="6" passed="6">
  <reporter-output>
  </reporter-output>
  <suite name="Suite" duration-ms="5682" started-at="2022-04-09T20:59:44 IST" finished-at="2022-04-09T20:59:50 IST">
    <groups>
    </groups>
    <test name="Test A" duration-ms="602" started-at="2022-04-09T20:59:44 IST" finished-at="2022-04-09T20:59:45 IST">
      <class name="suitea.TestA">
        <test-method status="PASS" signature="init(org.testng.ITestResult)[pri:0, instance:suitea.TestA@87f383f]" name="init" is-config="true" duration-ms="131" started-at="2022-04-09T20:59:44 IST" finished-at="2022-04-09T20:59:44 IST">
          <params>
            <param index="0">
              <value>
                <![CDATA[[TestResult name={null} status=CREATED method=TestA.testA()[pri:0, instance:suitea.TestA@87f383f] output={null}]]]>
              </value>
            </param>
          </params>
          <reporter-output>
          </reporter-output>
        </test-method> <!-- init -->
        <test-method status="PASS" signature="testA()[pri:0, instance:suitea.TestA@87f383f]" name="testA" duration-ms="11" started-at="2022-04-09T20:59:44 IST" finished-at="2022-04-09T20:59:44 IST">
          <reporter-output>
          </reporter-output>
        </test-method> <!-- testA -->
        <test-method status="PASS" signature="quit()[pri:0, instance:suitea.TestA@87f383f]" name="quit" is-config="true" duration-ms="407" started-at="2022-04-09T20:59:44 IST" finished-at="2022-04-09T20:59:45 IST">
          <reporter-output>
          </reporter-output>
        </test-method> <!-- quit -->
      </class> <!-- suitea.TestA -->
    </test> <!-- Test A -->
    <test name="Test AA" duration-ms="50" started-at="2022-04-09T20:59:50 IST" finished-at="2022-04-09T20:59:50 IST">
      <class name="suitea.TestAA">
        <test-method status="PASS" signature="init(org.testng.ITestResult)[pri:0, instance:suitea.TestAA@548ad73b]" name="init" is-config="true" duration-ms="0" started-at="2022-04-09T20:59:50 IST" finished-at="2022-04-09T20:59:50 IST">
          <params>
            <param index="0">
              <value>
                <![CDATA[[TestResult name={null} status=CREATED method=TestAA.testAA()[pri:0, instance:suitea.TestAA@548ad73b] output={null}]]]>
              </value>
            </param>
          </params>
          <reporter-output>
          </reporter-output>
        </test-method> <!-- init -->
        <test-method status="PASS" signature="testAA()[pri:0, instance:suitea.TestAA@548ad73b]" name="testAA" duration-ms="3" started-at="2022-04-09T20:59:50 IST" finished-at="2022-04-09T20:59:50 IST">
          <reporter-output>
          </reporter-output>
        </test-method> <!-- testAA -->
        <test-method status="PASS" signature="quit()[pri:0, instance:suitea.TestAA@548ad73b]" name="quit" is-config="true" duration-ms="31" started-at="2022-04-09T20:59:50 IST" finished-at="2022-04-09T20:59:50 IST">
          <reporter-output>
          </reporter-output>
        </test-method> <!-- quit -->
      </class> <!-- suitea.TestAA -->
    </test> <!-- Test AA -->
  </suite> <!-- Suite -->
  <suite name="Suite (1)" duration-ms="5183" started-at="2022-04-09T21:00:05 IST" finished-at="2022-04-09T21:00:10 IST">
    <groups>
    </groups>
    <test name="Test C" duration-ms="34" started-at="2022-04-09T21:00:05 IST" finished-at="2022-04-09T21:00:05 IST">
      <class name="suitec.TestC">
        <test-method status="PASS" signature="init(org.testng.ITestResult)[pri:0, instance:suitec.TestC@2fd66ad3]" name="init" is-config="true" duration-ms="2" started-at="2022-04-09T21:00:05 IST" finished-at="2022-04-09T21:00:05 IST">
          <params>
            <param index="0">
              <value>
                <![CDATA[[TestResult name={null} status=CREATED method=TestC.testC()[pri:0, instance:suitec.TestC@2fd66ad3] output={null}]]]>
              </value>
            </param>
          </params>
          <reporter-output>
          </reporter-output>
        </test-method> <!-- init -->
        <test-method status="PASS" signature="testC()[pri:0, instance:suitec.TestC@2fd66ad3]" name="testC" duration-ms="2" started-at="2022-04-09T21:00:05 IST" finished-at="2022-04-09T21:00:05 IST">
          <reporter-output>
          </reporter-output>
        </test-method> <!-- testC -->
        <test-method status="PASS" signature="quit()[pri:0, instance:suitec.TestC@2fd66ad3]" name="quit" is-config="true" duration-ms="21" started-at="2022-04-09T21:00:05 IST" finished-at="2022-04-09T21:00:05 IST">
          <reporter-output>
          </reporter-output>
        </test-method> <!-- quit -->
      </class> <!-- suitec.TestC -->
    </test> <!-- Test C -->
    <test name="Test CC" duration-ms="123" started-at="2022-04-09T21:00:10 IST" finished-at="2022-04-09T21:00:10 IST">
      <class name="suitec.TestCC">
        <test-method status="PASS" signature="testCC()[pri:0, instance:suitec.TestCC@10d59286]" name="testCC" duration-ms="5" started-at="2022-04-09T21:00:10 IST" finished-at="2022-04-09T21:00:10 IST">
          <reporter-output>
          </reporter-output>
        </test-method> <!-- testCC -->
        <test-method status="PASS" signature="init(org.testng.ITestResult)[pri:0, instance:suitec.TestCC@10d59286]" name="init" is-config="true" duration-ms="0" started-at="2022-04-09T21:00:10 IST" finished-at="2022-04-09T21:00:10 IST">
          <params>
            <param index="0">
              <value>
                <![CDATA[[TestResult name={null} status=CREATED method=TestCC.testCC()[pri:0, instance:suitec.TestCC@10d59286] output={null}]]]>
              </value>
            </param>
          </params>
          <reporter-output>
          </reporter-output>
        </test-method> <!-- init -->
        <test-method status="PASS" signature="quit()[pri:0, instance:suitec.TestCC@10d59286]" name="quit" is-config="true" duration-ms="51" started-at="2022-04-09T21:00:10 IST" finished-at="2022-04-09T21:00:10 IST">
          <reporter-output>
          </reporter-output>
        </test-method> <!-- quit -->
      </class> <!-- suitec.TestCC -->
    </test> <!-- Test CC -->
  </suite> <!-- Suite (1) -->
  <suite name="Suite (0)" duration-ms="5144" started-at="2022-04-09T20:59:55 IST" finished-at="2022-04-09T21:00:00 IST">
    <groups>
    </groups>
    <test name="Test B" duration-ms="60" started-at="2022-04-09T20:59:55 IST" finished-at="2022-04-09T20:59:55 IST">
      <class name="suiteb.TestB">
        <test-method status="PASS" signature="init(org.testng.ITestResult)[pri:0, instance:suiteb.TestB@24a35978]" name="init" is-config="true" duration-ms="1" started-at="2022-04-09T20:59:55 IST" finished-at="2022-04-09T20:59:55 IST">
          <params>
            <param index="0">
              <value>
                <![CDATA[[TestResult name={null} status=CREATED method=TestB.testB()[pri:0, instance:suiteb.TestB@24a35978] output={null}]]]>
              </value>
            </param>
          </params>
          <reporter-output>
          </reporter-output>
        </test-method> <!-- init -->
        <test-method status="PASS" signature="testB()[pri:0, instance:suiteb.TestB@24a35978]" name="testB" duration-ms="1" started-at="2022-04-09T20:59:55 IST" finished-at="2022-04-09T20:59:55 IST">
          <reporter-output>
          </reporter-output>
        </test-method> <!-- testB -->
        <test-method status="PASS" signature="quit()[pri:0, instance:suiteb.TestB@24a35978]" name="quit" is-config="true" duration-ms="45" started-at="2022-04-09T20:59:55 IST" finished-at="2022-04-09T20:59:55 IST">
          <reporter-output>
          </reporter-output>
        </test-method> <!-- quit -->
      </class> <!-- suiteb.TestB -->
    </test> <!-- Test B -->
    <test name="Test BB" duration-ms="60" started-at="2022-04-09T21:00:00 IST" finished-at="2022-04-09T21:00:00 IST">
      <class name="suiteb.TestBB">
        <test-method status="PASS" signature="init(org.testng.ITestResult)[pri:0, instance:suiteb.TestBB@5c18298f]" name="init" is-config="true" duration-ms="1" started-at="2022-04-09T21:00:00 IST" finished-at="2022-04-09T21:00:00 IST">
          <params>
            <param index="0">
              <value>
                <![CDATA[[TestResult name={null} status=CREATED method=TestBB.testBB()[pri:0, instance:suiteb.TestBB@5c18298f] output={null}]]]>
              </value>
            </param>
          </params>
          <reporter-output>
          </reporter-output>
        </test-method> <!-- init -->
        <test-method status="PASS" signature="testBB()[pri:0, instance:suiteb.TestBB@5c18298f]" name="testBB" duration-ms="11" started-at="2022-04-09T21:00:00 IST" finished-at="2022-04-09T21:00:00 IST">
          <reporter-output>
          </reporter-output>
        </test-method> <!-- testBB -->
        <test-method status="PASS" signature="quit()[pri:0, instance:suiteb.TestBB@5c18298f]" name="quit" is-config="true" duration-ms="39" started-at="2022-04-09T21:00:00 IST" finished-at="2022-04-09T21:00:00 IST">
          <reporter-output>
          </reporter-output>
        </test-method> <!-- quit -->
      </class> <!-- suiteb.TestBB -->
    </test> <!-- Test BB -->
  </suite> <!-- Suite (0) -->
  <suite name="My Test Suite" duration-ms="0" started-at="2022-04-09T21:00:45 IST" finished-at="2022-04-09T21:00:45 IST">
    <groups>
    </groups>
  </suite> <!-- My Test Suite -->
</testng-results>
