<?xml version="1.0" encoding="UTF-8"?>
<testng-results ignored="0" total="1" passed="1" failed="0" skipped="0">
  <reporter-output>
  </reporter-output>
  <suite started-at="2022-04-15T10:40:53 IST" name="Default suite" finished-at="2022-04-15T10:41:03 IST" duration-ms="9459">
    <groups>
    </groups>
    <test started-at="2022-04-15T10:40:53 IST" name="Default test" finished-at="2022-04-15T10:41:03 IST" duration-ms="9459">
      <class name="testcases.LoginTest">
        <test-method signature="loginTest()[pri:0, instance:testcases.LoginTest@37654521]" started-at="2022-04-15T10:40:53 IST" name="loginTest" finished-at="2022-04-15T10:41:03 IST" duration-ms="9416" status="PASS">
          <reporter-output>
          </reporter-output>
        </test-method> <!-- loginTest -->
      </class> <!-- testcases.LoginTest -->
    </test> <!-- Default test -->
  </suite> <!-- Default suite -->
</testng-results>
