<?xml version="1.0" encoding="UTF-8"?>
<!-- Generated by org.testng.reporters.JUnitXMLReporter -->
<testsuite hostname="pavans-mbp.home" ignored="4" name="Create Portfolio Test" tests="2" failures="0" timestamp="2022-05-06T20:28:19 CEST" time="8.886" errors="0">
  <testcase name="doLogin" time="8.052" classname="testcases.rediff.Session"/>
  <testcase name="createPortfolio" time="0.003" classname="testcases.rediff.PortfolioManagement"/>
  <testcase name="deletePortfolio" time="0.0" classname="testcases.rediff.PortfolioManagement">
    <ignored/>
  </testcase> <!-- deletePortfolio -->
  <testcase name="@AfterTest quit" time="0.0" classname="testbase.BaseTest">
    <ignored/>
  </testcase> <!-- @AfterTest quit -->
  <testcase name="doLogout" time="0.0" classname="testcases.rediff.Session">
    <ignored/>
  </testcase> <!-- doLogout -->
  <testcase name="@BeforeTest beforeTest" time="0.0" classname="testbase.BaseTest">
    <ignored/>
  </testcase> <!-- @BeforeTest beforeTest -->
</testsuite> <!-- Create Portfolio Test -->
