<?xml version="1.0" encoding="UTF-8"?>
<!-- Generated by org.testng.reporters.JUnitXMLReporter -->
<testsuite hostname="Pavans-MacBook-Pro.local" ignored="0" name="Test AA" tests="1" failures="1" timestamp="2022-03-10T09:43:55 GMT" time="0.023" errors="0">
  <testcase name="testAA" time="0.0" classname="suitea.TestAA">
    <failure type="org.testng.TestNGException" message="
Data Provider public static java.lang.Object[][] dataprovider.TestDataProvider.dataSuiteA(java.lang.reflect.Method) returned a null value">
      <![CDATA[org.testng.TestNGException: 
at java.util.ArrayList.forEach(ArrayList.java:1259)
... Removed 26 stack frames]]>
    </failure>
  </testcase> <!-- testAA -->
</testsuite> <!-- Test AA -->
