<?xml version="1.0" encoding="UTF-8"?>
<!-- Generated by org.testng.reporters.JUnitXMLReporter -->
<testsuite hostname="pavans-mbp.home" ignored="6" name="Add New Stock Test" tests="5" failures="0" timestamp="2022-05-06T23:21:19 CEST" time="30.285" errors="0">
  <testcase name="selectPortFolio" time="1.911" classname="testcases.rediff.PortfolioManagement"/>
  <testcase name="addNewStock" time="7.715" classname="testcases.rediff.StockManagement"/>
  <testcase name="verifyStockPresent" time="0.393" classname="testcases.rediff.StockManagement"/>
  <testcase name="verifyStockQuantity" time="0.275" classname="testcases.rediff.StockManagement"/>
  <testcase name="verifyTransactionHistory" time="1.311" classname="testcases.rediff.StockManagement"/>
  <testcase name="@AfterTest quit" time="0.0" classname="testbase.BaseTest_My">
    <ignored/>
  </testcase> <!-- @AfterTest quit -->
  <testcase name="verifyStockAvgBuyPrice" time="0.0" classname="testcases.rediff.StockManagement">
    <ignored/>
  </testcase> <!-- verifyStockAvgBuyPrice -->
  <testcase name="@BeforeTest beforeTest" time="0.0" classname="testbase.BaseTest_My">
    <ignored/>
  </testcase> <!-- @BeforeTest beforeTest -->
  <testcase name="deletePortfolio" time="0.0" classname="testcases.rediff.PortfolioManagement">
    <ignored/>
  </testcase> <!-- deletePortfolio -->
  <testcase name="modifyStock" time="0.0" classname="testcases.rediff.StockManagement">
    <ignored/>
  </testcase> <!-- modifyStock -->
  <testcase name="createPortfolio" time="0.0" classname="testcases.rediff.PortfolioManagement">
    <ignored/>
  </testcase> <!-- createPortfolio -->
</testsuite> <!-- Add New Stock Test -->
