<?xml version="1.0" encoding="UTF-8"?>
<!-- Generated by org.testng.reporters.JUnitXMLReporter -->
<testsuite hostname="pavans-mbp.home" ignored="6" name="Modify Stock Test - Sell Stock" tests="5" failures="0" timestamp="2022-05-06T23:21:44 CEST" time="25.823" errors="0">
  <testcase name="selectPortFolio" time="2.511" classname="testcases.rediff.PortfolioManagement"/>
  <testcase name="verifyStockPresent" time="0.87" classname="testcases.rediff.StockManagement"/>
  <testcase name="modifyStock" time="4.506" classname="testcases.rediff.StockManagement"/>
  <testcase name="verifyStockQuantity" time="1.04" classname="testcases.rediff.StockManagement"/>
  <testcase name="verifyTransactionHistory" time="0.885" classname="testcases.rediff.StockManagement"/>
  <testcase name="addNewStock" time="0.0" classname="testcases.rediff.StockManagement">
    <ignored/>
  </testcase> <!-- addNewStock -->
  <testcase name="@AfterTest quit" time="0.0" classname="testbase.BaseTest_My">
    <ignored/>
  </testcase> <!-- @AfterTest quit -->
  <testcase name="verifyStockAvgBuyPrice" time="0.0" classname="testcases.rediff.StockManagement">
    <ignored/>
  </testcase> <!-- verifyStockAvgBuyPrice -->
  <testcase name="@BeforeTest beforeTest" time="0.0" classname="testbase.BaseTest_My">
    <ignored/>
  </testcase> <!-- @BeforeTest beforeTest -->
  <testcase name="deletePortfolio" time="0.0" classname="testcases.rediff.PortfolioManagement">
    <ignored/>
  </testcase> <!-- deletePortfolio -->
  <testcase name="createPortfolio" time="0.0" classname="testcases.rediff.PortfolioManagement">
    <ignored/>
  </testcase> <!-- createPortfolio -->
</testsuite> <!-- Modify Stock Test - Sell Stock -->
