<?xml version="1.0" encoding="UTF-8"?>
<testng-results ignored="0" total="1" passed="1" failed="0" skipped="0">
  <reporter-output>
  </reporter-output>
  <suite started-at="2022-04-07T21:04:34 IST" name="Default suite" finished-at="2022-04-07T21:04:45 IST" duration-ms="10454">
    <groups>
    </groups>
    <test started-at="2022-04-07T21:04:34 IST" name="Default test" finished-at="2022-04-07T21:04:45 IST" duration-ms="10454">
      <class name="dummy.LoginTest2">
        <test-method signature="loginTest()[pri:0, instance:dummy.LoginTest2@101952da]" started-at="2022-04-07T21:04:34 IST" name="loginTest" finished-at="2022-04-07T21:04:45 IST" duration-ms="10423" status="PASS">
          <reporter-output>
          </reporter-output>
        </test-method> <!-- loginTest -->
      </class> <!-- dummy.LoginTest2 -->
    </test> <!-- Default test -->
  </suite> <!-- Default suite -->
</testng-results>
