<?xml version="1.0" encoding="UTF-8"?>
<testng-results ignored="0" total="1" passed="1" failed="0" skipped="0">
  <reporter-output>
  </reporter-output>
  <suite started-at="2022-03-13T10:39:00 GMT" name="Default suite" finished-at="2022-03-13T10:39:12 GMT" duration-ms="12115">
    <groups>
    </groups>
    <test started-at="2022-03-13T10:39:00 GMT" name="Default test" finished-at="2022-03-13T10:39:12 GMT" duration-ms="12115">
      <class name="webelementfunctions.DropDown">
        <test-method signature="appTest()[pri:0, instance:webelementfunctions.DropDown@d29f28]" started-at="2022-03-13T10:39:00 GMT" name="appTest" finished-at="2022-03-13T10:39:12 GMT" duration-ms="12042" status="PASS">
          <reporter-output>
          </reporter-output>
        </test-method> <!-- appTest -->
      </class> <!-- webelementfunctions.DropDown -->
    </test> <!-- Default test -->
  </suite> <!-- Default suite -->
</testng-results>
