<?xml version="1.0" encoding="UTF-8"?>
<testng-results ignored="8" total="12" passed="4" failed="0" skipped="0">
  <reporter-output>
  </reporter-output>
  <suite started-at="2022-05-01T09:46:56 CEST" name="Portfolio Suite" finished-at="2022-05-01T09:47:06 CEST" duration-ms="9875">
    <groups>
    </groups>
    <test started-at="2022-05-01T09:46:56 CEST" name="Create Portfolio Test" finished-at="2022-05-01T09:47:03 CEST" duration-ms="7154">
      <class name="testcases.rediff.Session">
        <test-method is-config="true" signature="beforeTest(org.testng.ITestContext)[pri:0, instance:testcases.rediff.Session@4803b726]" started-at="2022-05-01T09:46:56 CEST" name="beforeTest" finished-at="2022-05-01T09:46:56 CEST" duration-ms="299" status="PASS">
          <params>
            <param index="0">
              <value>
                <![CDATA[org.testng.TestRunner@a4add54]]>
              </value>
            </param>
          </params>
          <reporter-output>
          </reporter-output>
        </test-method> <!-- beforeTest -->
        <test-method is-config="true" signature="beforeMethod(org.testng.ITestContext)[pri:0, instance:testcases.rediff.Session@4803b726]" started-at="2022-05-01T09:46:56 CEST" name="beforeMethod" finished-at="2022-05-01T09:46:56 CEST" duration-ms="1" status="PASS">
          <params>
            <param index="0">
              <value>
                <![CDATA[org.testng.TestRunner@a4add54]]>
              </value>
            </param>
          </params>
          <reporter-output>
          </reporter-output>
        </test-method> <!-- beforeMethod -->
        <test-method signature="doLogin(org.testng.ITestContext)[pri:0, instance:testcases.rediff.Session@4803b726]" started-at="2022-05-01T09:46:56 CEST" name="doLogin" finished-at="2022-05-01T09:47:00 CEST" duration-ms="3499" status="PASS">
          <params>
            <param index="0">
              <value>
                <![CDATA[org.testng.TestRunner@a4add54]]>
              </value>
            </param>
          </params>
          <reporter-output>
          </reporter-output>
        </test-method> <!-- doLogin -->
        <test-method is-config="true" signature="quit()[pri:0, instance:testcases.rediff.Session@4803b726]" started-at="2022-05-01T09:47:03 CEST" name="quit" finished-at="2022-05-01T09:47:03 CEST" duration-ms="504" status="PASS">
          <reporter-output>
          </reporter-output>
        </test-method> <!-- quit -->
      </class> <!-- testcases.rediff.Session -->
      <class name="testcases.rediff.PortfolioManagement">
        <test-method is-config="true" signature="beforeMethod(org.testng.ITestContext)[pri:0, instance:testcases.rediff.PortfolioManagement@957e06]" started-at="2022-05-01T09:47:00 CEST" name="beforeMethod" finished-at="2022-05-01T09:47:00 CEST" duration-ms="0" status="PASS">
          <params>
            <param index="0">
              <value>
                <![CDATA[org.testng.TestRunner@a4add54]]>
              </value>
            </param>
          </params>
          <reporter-output>
          </reporter-output>
        </test-method> <!-- beforeMethod -->
        <test-method signature="createPortfolio(org.testng.ITestContext)[pri:0, instance:testcases.rediff.PortfolioManagement@957e06]" started-at="2022-05-01T09:47:00 CEST" name="createPortfolio" finished-at="2022-05-01T09:47:03 CEST" duration-ms="2792" status="PASS">
          <params>
            <param index="0">
              <value>
                <![CDATA[org.testng.TestRunner@a4add54]]>
              </value>
            </param>
          </params>
          <reporter-output>
          </reporter-output>
        </test-method> <!-- createPortfolio -->
      </class> <!-- testcases.rediff.PortfolioManagement -->
    </test> <!-- Create Portfolio Test -->
    <test started-at="2022-05-01T09:47:03 CEST" name="Delete Portfolio Test" finished-at="2022-05-01T09:47:06 CEST" duration-ms="2694">
      <class name="testcases.rediff.Session">
        <test-method is-config="true" signature="beforeTest(org.testng.ITestContext)[pri:0, instance:testcases.rediff.Session@4d154ccd]" started-at="2022-05-01T09:47:03 CEST" name="beforeTest" finished-at="2022-05-01T09:47:03 CEST" duration-ms="3" status="PASS">
          <params>
            <param index="0">
              <value>
                <![CDATA[org.testng.TestRunner@784abd3e]]>
              </value>
            </param>
          </params>
          <reporter-output>
          </reporter-output>
        </test-method> <!-- beforeTest -->
        <test-method signature="doLogin(org.testng.ITestContext)[pri:0, instance:testcases.rediff.Session@4d154ccd]" started-at="2022-05-01T09:47:03 CEST" name="doLogin" finished-at="2022-05-01T09:47:06 CEST" duration-ms="2645" status="PASS">
          <params>
            <param index="0">
              <value>
                <![CDATA[org.testng.TestRunner@784abd3e]]>
              </value>
            </param>
          </params>
          <reporter-output>
          </reporter-output>
        </test-method> <!-- doLogin -->
        <test-method is-config="true" signature="beforeMethod(org.testng.ITestContext)[pri:0, instance:testcases.rediff.Session@4d154ccd]" started-at="2022-05-01T09:47:03 CEST" name="beforeMethod" finished-at="2022-05-01T09:47:03 CEST" duration-ms="0" status="PASS">
          <params>
            <param index="0">
              <value>
                <![CDATA[org.testng.TestRunner@784abd3e]]>
              </value>
            </param>
          </params>
          <reporter-output>
          </reporter-output>
        </test-method> <!-- beforeMethod -->
        <test-method is-config="true" signature="quit()[pri:0, instance:testcases.rediff.Session@4d154ccd]" started-at="2022-05-01T09:47:06 CEST" name="quit" finished-at="2022-05-01T09:47:06 CEST" duration-ms="30" status="PASS">
          <reporter-output>
          </reporter-output>
        </test-method> <!-- quit -->
      </class> <!-- testcases.rediff.Session -->
      <class name="testcases.rediff.PortfolioManagement">
        <test-method signature="deletePortfolio()[pri:0, instance:testcases.rediff.PortfolioManagement@1e0b4072]" started-at="2022-05-01T09:47:06 CEST" name="deletePortfolio" finished-at="2022-05-01T09:47:06 CEST" duration-ms="5" status="PASS">
          <reporter-output>
          </reporter-output>
        </test-method> <!-- deletePortfolio -->
        <test-method is-config="true" signature="beforeMethod(org.testng.ITestContext)[pri:0, instance:testcases.rediff.PortfolioManagement@1e0b4072]" started-at="2022-05-01T09:47:06 CEST" name="beforeMethod" finished-at="2022-05-01T09:47:06 CEST" duration-ms="0" status="PASS">
          <params>
            <param index="0">
              <value>
                <![CDATA[org.testng.TestRunner@784abd3e]]>
              </value>
            </param>
          </params>
          <reporter-output>
          </reporter-output>
        </test-method> <!-- beforeMethod -->
      </class> <!-- testcases.rediff.PortfolioManagement -->
    </test> <!-- Delete Portfolio Test -->
  </suite> <!-- Portfolio Suite -->
</testng-results>
