<?xml version="1.0" encoding="UTF-8"?>
<!-- Generated by org.testng.reporters.JUnitXMLReporter -->
<testsuite ignored="4" hostname="pavans-mbp.home" failures="0" tests="2" name="Delete Portfolio Test" time="6.92" errors="0" timestamp="2022-05-02T02:33:02 CEST">
  <testcase classname="testcases.rediff.Session" name="doLogin" time="6.855"/>
  <testcase classname="testcases.rediff.PortfolioManagement" name="deletePortfolio" time="0.004"/>
  <testcase classname="testbase.BaseTest" name="@AfterTest quit" time="0.0">
    <ignored/>
  </testcase> <!-- @AfterTest quit -->
  <testcase classname="testcases.rediff.Session" name="doLogout" time="0.0">
    <ignored/>
  </testcase> <!-- doLogout -->
  <testcase classname="testbase.BaseTest" name="@BeforeTest beforeTest" time="0.0">
    <ignored/>
  </testcase> <!-- @BeforeTest beforeTest -->
  <testcase classname="testcases.rediff.PortfolioManagement" name="createPortfolio" time="0.0">
    <ignored/>
  </testcase> <!-- createPortfolio -->
</testsuite> <!-- Delete Portfolio Test -->
