<?xml version="1.0" encoding="UTF-8"?>
<testng-results ignored="6" total="10" passed="4" failed="0" skipped="0">
  <reporter-output>
  </reporter-output>
  <suite started-at="2022-05-01T08:27:26 CEST" name="Portfolio Suite" finished-at="2022-05-01T08:27:37 CEST" duration-ms="10733">
    <groups>
    </groups>
    <test started-at="2022-05-01T08:27:26 CEST" name="Create Portfolio Test" finished-at="2022-05-01T08:27:34 CEST" duration-ms="7670">
      <class name="testcases.rediff.Session">
        <test-method is-config="true" signature="beforeTest(org.testng.ITestContext)[pri:0, instance:testcases.rediff.Session@17497425]" started-at="2022-05-01T08:27:26 CEST" name="beforeTest" finished-at="2022-05-01T08:27:26 CEST" duration-ms="17" status="PASS">
          <params>
            <param index="0">
              <value>
                <![CDATA[org.testng.TestRunner@55cb6996]]>
              </value>
            </param>
          </params>
          <reporter-output>
          </reporter-output>
        </test-method> <!-- beforeTest -->
        <test-method is-config="true" signature="beforeMethod(org.testng.ITestContext)[pri:0, instance:testcases.rediff.Session@17497425]" started-at="2022-05-01T08:27:26 CEST" name="beforeMethod" finished-at="2022-05-01T08:27:26 CEST" duration-ms="0" status="PASS">
          <params>
            <param index="0">
              <value>
                <![CDATA[org.testng.TestRunner@55cb6996]]>
              </value>
            </param>
          </params>
          <reporter-output>
          </reporter-output>
        </test-method> <!-- beforeMethod -->
        <test-method signature="doLogin(org.testng.ITestContext)[pri:0, instance:testcases.rediff.Session@17497425]" started-at="2022-05-01T08:27:26 CEST" name="doLogin" finished-at="2022-05-01T08:27:31 CEST" duration-ms="4599" status="PASS">
          <params>
            <param index="0">
              <value>
                <![CDATA[org.testng.TestRunner@55cb6996]]>
              </value>
            </param>
          </params>
          <reporter-output>
          </reporter-output>
        </test-method> <!-- doLogin -->
      </class> <!-- testcases.rediff.Session -->
      <class name="testcases.rediff.PortfolioManagement">
        <test-method is-config="true" signature="beforeMethod(org.testng.ITestContext)[pri:0, instance:testcases.rediff.PortfolioManagement@729d991e]" started-at="2022-05-01T08:27:31 CEST" name="beforeMethod" finished-at="2022-05-01T08:27:31 CEST" duration-ms="0" status="PASS">
          <params>
            <param index="0">
              <value>
                <![CDATA[org.testng.TestRunner@55cb6996]]>
              </value>
            </param>
          </params>
          <reporter-output>
          </reporter-output>
        </test-method> <!-- beforeMethod -->
        <test-method signature="createPortfolio(org.testng.ITestContext)[pri:0, instance:testcases.rediff.PortfolioManagement@729d991e]" started-at="2022-05-01T08:27:31 CEST" name="createPortfolio" finished-at="2022-05-01T08:27:34 CEST" duration-ms="3008" status="PASS">
          <params>
            <param index="0">
              <value>
                <![CDATA[org.testng.TestRunner@55cb6996]]>
              </value>
            </param>
          </params>
          <reporter-output>
          </reporter-output>
        </test-method> <!-- createPortfolio -->
      </class> <!-- testcases.rediff.PortfolioManagement -->
    </test> <!-- Create Portfolio Test -->
    <test started-at="2022-05-01T08:27:34 CEST" name="Delete Portfolio Test" finished-at="2022-05-01T08:27:37 CEST" duration-ms="2951">
      <class name="testcases.rediff.Session">
        <test-method is-config="true" signature="beforeTest(org.testng.ITestContext)[pri:0, instance:testcases.rediff.Session@5677323c]" started-at="2022-05-01T08:27:34 CEST" name="beforeTest" finished-at="2022-05-01T08:27:34 CEST" duration-ms="4" status="PASS">
          <params>
            <param index="0">
              <value>
                <![CDATA[org.testng.TestRunner@2bc9a775]]>
              </value>
            </param>
          </params>
          <reporter-output>
          </reporter-output>
        </test-method> <!-- beforeTest -->
        <test-method signature="doLogin(org.testng.ITestContext)[pri:0, instance:testcases.rediff.Session@5677323c]" started-at="2022-05-01T08:27:34 CEST" name="doLogin" finished-at="2022-05-01T08:27:37 CEST" duration-ms="2915" status="PASS">
          <params>
            <param index="0">
              <value>
                <![CDATA[org.testng.TestRunner@2bc9a775]]>
              </value>
            </param>
          </params>
          <reporter-output>
          </reporter-output>
        </test-method> <!-- doLogin -->
        <test-method is-config="true" signature="beforeMethod(org.testng.ITestContext)[pri:0, instance:testcases.rediff.Session@5677323c]" started-at="2022-05-01T08:27:34 CEST" name="beforeMethod" finished-at="2022-05-01T08:27:34 CEST" duration-ms="0" status="PASS">
          <params>
            <param index="0">
              <value>
                <![CDATA[org.testng.TestRunner@2bc9a775]]>
              </value>
            </param>
          </params>
          <reporter-output>
          </reporter-output>
        </test-method> <!-- beforeMethod -->
      </class> <!-- testcases.rediff.Session -->
      <class name="testcases.rediff.PortfolioManagement">
        <test-method is-config="true" signature="beforeMethod(org.testng.ITestContext)[pri:0, instance:testcases.rediff.PortfolioManagement@4d154ccd]" started-at="2022-05-01T08:27:37 CEST" name="beforeMethod" finished-at="2022-05-01T08:27:37 CEST" duration-ms="7" status="PASS">
          <params>
            <param index="0">
              <value>
                <![CDATA[org.testng.TestRunner@2bc9a775]]>
              </value>
            </param>
          </params>
          <reporter-output>
          </reporter-output>
        </test-method> <!-- beforeMethod -->
        <test-method signature="deletePortfolio()[pri:0, instance:testcases.rediff.PortfolioManagement@4d154ccd]" started-at="2022-05-01T08:27:37 CEST" name="deletePortfolio" finished-at="2022-05-01T08:27:37 CEST" duration-ms="5" status="PASS">
          <reporter-output>
          </reporter-output>
        </test-method> <!-- deletePortfolio -->
      </class> <!-- testcases.rediff.PortfolioManagement -->
    </test> <!-- Delete Portfolio Test -->
  </suite> <!-- Portfolio Suite -->
</testng-results>
