<?xml version="1.0" encoding="UTF-8"?>
<testng-results ignored="0" total="1" passed="1" failed="0" skipped="0">
  <reporter-output>
  </reporter-output>
  <suite started-at="2022-04-15T21:43:01 IST" name="Default suite" finished-at="2022-04-15T21:43:08 IST" duration-ms="7478">
    <groups>
    </groups>
    <test started-at="2022-04-15T21:43:01 IST" name="Default test" finished-at="2022-04-15T21:43:08 IST" duration-ms="7478">
      <class name="testcases_3.TestA">
        <test-method signature="testA()[pri:0, instance:testcases_3.TestA@33990a0c]" started-at="2022-04-15T21:43:01 IST" name="testA" finished-at="2022-04-15T21:43:08 IST" duration-ms="7428" status="PASS">
          <reporter-output>
          </reporter-output>
        </test-method> <!-- testA -->
      </class> <!-- testcases_3.TestA -->
    </test> <!-- Default test -->
  </suite> <!-- Default suite -->
</testng-results>
