<?xml version="1.0" encoding="UTF-8"?>
<!-- Generated by org.testng.reporters.JUnitXMLReporter -->
<testsuite hostname="pavans-mbp.home" ignored="6" name="Add New Stock Test" tests="5" failures="1" timestamp="2022-05-06T23:44:08 CEST" time="29.587" errors="0">
  <testcase name="@BeforeMethod beforeMethod" time="0.001" classname="testbase.BaseTest_My">
    <skipped/>
  </testcase> <!-- @BeforeMethod beforeMethod -->
  <testcase name="selectPortFolio" time="1.899" classname="testcases.rediff.PortfolioManagement"/>
  <testcase name="addNewStock" time="7.766" classname="testcases.rediff.StockManagement"/>
  <testcase name="verifyStockPresent" time="0.643" classname="testcases.rediff.StockManagement"/>
  <testcase name="verifyStockQuantity" time="0.742" classname="testcases.rediff.StockManagement">
    <failure type="java.lang.AssertionError" message="The following asserts failed:
	Quantity did not match">
      <![CDATA[java.lang.AssertionError: The following asserts failed:
Quantity did not match
at keywords.GenericKeyWords.assertAll(GenericKeyWords.java:187)
at keywords.GenericKeyWords.reportFailure(GenericKeyWords.java:181)
at testcases.rediff.StockManagement.verifyStockQuantity(StockManagement.java:119)
at java.util.ArrayList.forEach(ArrayList.java:1259)
... Removed 29 stack frames]]>
    </failure>
  </testcase> <!-- verifyStockQuantity -->
  <testcase name="verifyTransactionHistory" time="0.0" classname="testcases.rediff.StockManagement">
    <skipped/>
  </testcase> <!-- verifyTransactionHistory -->
  <testcase name="@AfterTest quit" time="0.0" classname="testbase.BaseTest_My">
    <ignored/>
  </testcase> <!-- @AfterTest quit -->
  <testcase name="verifyStockAvgBuyPrice" time="0.0" classname="testcases.rediff.StockManagement">
    <ignored/>
  </testcase> <!-- verifyStockAvgBuyPrice -->
  <testcase name="@BeforeTest beforeTest" time="0.0" classname="testbase.BaseTest_My">
    <ignored/>
  </testcase> <!-- @BeforeTest beforeTest -->
  <testcase name="deletePortfolio" time="0.0" classname="testcases.rediff.PortfolioManagement">
    <ignored/>
  </testcase> <!-- deletePortfolio -->
  <testcase name="modifyStock" time="0.0" classname="testcases.rediff.StockManagement">
    <ignored/>
  </testcase> <!-- modifyStock -->
  <testcase name="createPortfolio" time="0.0" classname="testcases.rediff.PortfolioManagement">
    <ignored/>
  </testcase> <!-- createPortfolio -->
</testsuite> <!-- Add New Stock Test -->
