<?xml version="1.0" encoding="UTF-8"?>
<!-- Generated by org.testng.reporters.JUnitXMLReporter -->
<testsuite hostname="pavans-mbp.home" ignored="9" name="Modify Stock Test - Add Stock" tests="2" failures="0" timestamp="2022-05-06T23:37:34 CEST" time="19.248" errors="0">
  <testcase name="selectPortFolio" time="2.87" classname="testcases.rediff.PortfolioManagement"/>
  <testcase name="verifyStockPresent" time="0.781" classname="testcases.rediff.StockManagement"/>
  <testcase name="addNewStock" time="0.0" classname="testcases.rediff.StockManagement">
    <ignored/>
  </testcase> <!-- addNewStock -->
  <testcase name="verifyTransactionHistory" time="0.0" classname="testcases.rediff.StockManagement">
    <ignored/>
  </testcase> <!-- verifyTransactionHistory -->
  <testcase name="@AfterTest quit" time="0.0" classname="testbase.BaseTest_My">
    <ignored/>
  </testcase> <!-- @AfterTest quit -->
  <testcase name="verifyStockAvgBuyPrice" time="0.0" classname="testcases.rediff.StockManagement">
    <ignored/>
  </testcase> <!-- verifyStockAvgBuyPrice -->
  <testcase name="@BeforeTest beforeTest" time="0.0" classname="testbase.BaseTest_My">
    <ignored/>
  </testcase> <!-- @BeforeTest beforeTest -->
  <testcase name="verifyStockQuantity" time="0.0" classname="testcases.rediff.StockManagement">
    <ignored/>
  </testcase> <!-- verifyStockQuantity -->
  <testcase name="deletePortfolio" time="0.0" classname="testcases.rediff.PortfolioManagement">
    <ignored/>
  </testcase> <!-- deletePortfolio -->
  <testcase name="modifyStock" time="0.0" classname="testcases.rediff.StockManagement">
    <ignored/>
  </testcase> <!-- modifyStock -->
  <testcase name="createPortfolio" time="0.0" classname="testcases.rediff.PortfolioManagement">
    <ignored/>
  </testcase> <!-- createPortfolio -->
</testsuite> <!-- Modify Stock Test - Add Stock -->
