<?xml version="1.0" encoding="UTF-8"?>
<!-- Generated by org.testng.reporters.JUnitXMLReporter -->
<testsuite ignored="0" hostname="pavans-mbp.home" failures="0" tests="3" name="Login Test" time="0.06" errors="0" timestamp="2022-04-26T19:04:17 CEST">
  <testcase classname="testcases.Login" name="doLogin" time="0.004"/>
  <testcase classname="testcases.Register" name="doRegister" time="0.0"/>
  <testcase classname="testcases.UpdateProfile" name="doUpdate" time="0.0"/>
</testsuite> <!-- Login Test -->
