<?xml version="1.0" encoding="UTF-8"?>
<!-- Generated by org.testng.reporters.JUnitXMLReporter -->
<testsuite hostname="Pavans-MacBook-Pro.local" ignored="0" name="Test A" tests="1" failures="1" timestamp="2022-04-13T14:30:19 IST" time="0.631" errors="0">
  <testcase name="testA" time="0.05" classname="suitea.TestA">
    <failure type="java.lang.AssertionError" message="The following asserts failed:
	Titles - NOT Matching,
	TEXT - NOT Matching,
	NOT Valid - Show Stopper">
      <![CDATA[java.lang.AssertionError: The following asserts failed:
Titles - NOT Matching,
TEXT - NOT Matching,
NOT Valid - Show Stopper
at testbase.TestBase.failAndStop(TestBase.java:46)
at suitea.TestA.testA(TestA.java:33)
at java.util.ArrayList.forEach(ArrayList.java:1259)
... Removed 30 stack frames]]>
    </failure>
  </testcase> <!-- testA -->
</testsuite> <!-- Test A -->
