<?xml version="1.0" encoding="UTF-8"?>
<testng-results ignored="6" total="10" passed="4" failed="0" skipped="0">
  <reporter-output>
  </reporter-output>
  <suite started-at="2022-05-01T01:10:39 CEST" name="Portfolio Suite" finished-at="2022-05-01T01:10:50 CEST" duration-ms="11429">
    <groups>
    </groups>
    <test started-at="2022-05-01T01:10:39 CEST" name="Create Portfolio Test" finished-at="2022-05-01T01:10:47 CEST" duration-ms="8446">
      <class name="testcases.rediff.Session">
        <test-method is-config="true" signature="beforeTest(org.testng.ITestContext)[pri:0, instance:testcases.rediff.Session@17497425]" started-at="2022-05-01T01:10:39 CEST" name="beforeTest" finished-at="2022-05-01T01:10:39 CEST" duration-ms="18" status="PASS">
          <params>
            <param index="0">
              <value>
                <![CDATA[org.testng.TestRunner@55cb6996]]>
              </value>
            </param>
          </params>
          <reporter-output>
          </reporter-output>
        </test-method> <!-- beforeTest -->
        <test-method is-config="true" signature="beforeMethod(org.testng.ITestContext)[pri:0, instance:testcases.rediff.Session@17497425]" started-at="2022-05-01T01:10:39 CEST" name="beforeMethod" finished-at="2022-05-01T01:10:39 CEST" duration-ms="0" status="PASS">
          <params>
            <param index="0">
              <value>
                <![CDATA[org.testng.TestRunner@55cb6996]]>
              </value>
            </param>
          </params>
          <reporter-output>
          </reporter-output>
        </test-method> <!-- beforeMethod -->
        <test-method signature="doLogin(org.testng.ITestContext)[pri:0, instance:testcases.rediff.Session@17497425]" started-at="2022-05-01T01:10:39 CEST" name="doLogin" finished-at="2022-05-01T01:10:44 CEST" duration-ms="5208" status="PASS">
          <params>
            <param index="0">
              <value>
                <![CDATA[org.testng.TestRunner@55cb6996]]>
              </value>
            </param>
          </params>
          <reporter-output>
          </reporter-output>
        </test-method> <!-- doLogin -->
      </class> <!-- testcases.rediff.Session -->
      <class name="testcases.rediff.PortfolioManagement">
        <test-method is-config="true" signature="beforeMethod(org.testng.ITestContext)[pri:0, instance:testcases.rediff.PortfolioManagement@729d991e]" started-at="2022-05-01T01:10:44 CEST" name="beforeMethod" finished-at="2022-05-01T01:10:44 CEST" duration-ms="1" status="PASS">
          <params>
            <param index="0">
              <value>
                <![CDATA[org.testng.TestRunner@55cb6996]]>
              </value>
            </param>
          </params>
          <reporter-output>
          </reporter-output>
        </test-method> <!-- beforeMethod -->
        <test-method signature="createPortfolio(org.testng.ITestContext)[pri:0, instance:testcases.rediff.PortfolioManagement@729d991e]" started-at="2022-05-01T01:10:44 CEST" name="createPortfolio" finished-at="2022-05-01T01:10:47 CEST" duration-ms="3171" status="PASS">
          <params>
            <param index="0">
              <value>
                <![CDATA[org.testng.TestRunner@55cb6996]]>
              </value>
            </param>
          </params>
          <reporter-output>
          </reporter-output>
        </test-method> <!-- createPortfolio -->
      </class> <!-- testcases.rediff.PortfolioManagement -->
    </test> <!-- Create Portfolio Test -->
    <test started-at="2022-05-01T01:10:47 CEST" name="Delete Portfolio Test" finished-at="2022-05-01T01:10:50 CEST" duration-ms="2915">
      <class name="testcases.rediff.Session">
        <test-method is-config="true" signature="beforeTest(org.testng.ITestContext)[pri:0, instance:testcases.rediff.Session@18df8434]" started-at="2022-05-01T01:10:47 CEST" name="beforeTest" finished-at="2022-05-01T01:10:47 CEST" duration-ms="2" status="PASS">
          <params>
            <param index="0">
              <value>
                <![CDATA[org.testng.TestRunner@27b000f7]]>
              </value>
            </param>
          </params>
          <reporter-output>
          </reporter-output>
        </test-method> <!-- beforeTest -->
        <test-method is-config="true" signature="beforeMethod(org.testng.ITestContext)[pri:0, instance:testcases.rediff.Session@18df8434]" started-at="2022-05-01T01:10:47 CEST" name="beforeMethod" finished-at="2022-05-01T01:10:47 CEST" duration-ms="1" status="PASS">
          <params>
            <param index="0">
              <value>
                <![CDATA[org.testng.TestRunner@27b000f7]]>
              </value>
            </param>
          </params>
          <reporter-output>
          </reporter-output>
        </test-method> <!-- beforeMethod -->
        <test-method signature="doLogin(org.testng.ITestContext)[pri:0, instance:testcases.rediff.Session@18df8434]" started-at="2022-05-01T01:10:47 CEST" name="doLogin" finished-at="2022-05-01T01:10:50 CEST" duration-ms="2891" status="PASS">
          <params>
            <param index="0">
              <value>
                <![CDATA[org.testng.TestRunner@27b000f7]]>
              </value>
            </param>
          </params>
          <reporter-output>
          </reporter-output>
        </test-method> <!-- doLogin -->
      </class> <!-- testcases.rediff.Session -->
      <class name="testcases.rediff.PortfolioManagement">
        <test-method is-config="true" signature="beforeMethod(org.testng.ITestContext)[pri:0, instance:testcases.rediff.PortfolioManagement@229c6181]" started-at="2022-05-01T01:10:50 CEST" name="beforeMethod" finished-at="2022-05-01T01:10:50 CEST" duration-ms="7" status="PASS">
          <params>
            <param index="0">
              <value>
                <![CDATA[org.testng.TestRunner@27b000f7]]>
              </value>
            </param>
          </params>
          <reporter-output>
          </reporter-output>
        </test-method> <!-- beforeMethod -->
        <test-method signature="deletePortfolio()[pri:0, instance:testcases.rediff.PortfolioManagement@229c6181]" started-at="2022-05-01T01:10:50 CEST" name="deletePortfolio" finished-at="2022-05-01T01:10:50 CEST" duration-ms="2" status="PASS">
          <reporter-output>
          </reporter-output>
        </test-method> <!-- deletePortfolio -->
      </class> <!-- testcases.rediff.PortfolioManagement -->
    </test> <!-- Delete Portfolio Test -->
  </suite> <!-- Portfolio Suite -->
</testng-results>
