<?xml version="1.0" encoding="UTF-8"?>
<testng-results skipped="0" failed="0" ignored="5" total="7" passed="2">
  <reporter-output>
  </reporter-output>
  <suite name="Portfolio Suite" duration-ms="24538" started-at="2022-05-06T22:01:01 CEST" finished-at="2022-05-06T22:01:25 CEST">
    <groups>
    </groups>
    <test name="Create Portfolio Test" duration-ms="24538" started-at="2022-05-06T22:01:01 CEST" finished-at="2022-05-06T22:01:25 CEST">
      <class name="testcases.rediff.Session">
        <test-method status="PASS" signature="beforeTest(org.testng.ITestContext)[pri:0, instance:testcases.rediff.Session@2eda0940]" name="beforeTest" is-config="true" duration-ms="229" started-at="2022-05-06T22:01:01 CEST" finished-at="2022-05-06T22:01:01 CEST">
          <params>
            <param index="0">
              <value>
                <![CDATA[org.testng.TestRunner@61862a7f]]>
              </value>
            </param>
          </params>
          <reporter-output>
          </reporter-output>
        </test-method> <!-- beforeTest -->
        <test-method status="PASS" signature="beforeMethod(org.testng.ITestContext)[pri:0, instance:testcases.rediff.Session@2eda0940]" name="beforeMethod" is-config="true" duration-ms="0" started-at="2022-05-06T22:01:01 CEST" finished-at="2022-05-06T22:01:01 CEST">
          <params>
            <param index="0">
              <value>
                <![CDATA[org.testng.TestRunner@61862a7f]]>
              </value>
            </param>
          </params>
          <reporter-output>
          </reporter-output>
        </test-method> <!-- beforeMethod -->
        <test-method status="PASS" signature="doLogin(org.testng.ITestContext)[pri:0, instance:testcases.rediff.Session@2eda0940]" name="doLogin" duration-ms="9798" started-at="2022-05-06T22:01:01 CEST" finished-at="2022-05-06T22:01:11 CEST">
          <params>
            <param index="0">
              <value>
                <![CDATA[org.testng.TestRunner@61862a7f]]>
              </value>
            </param>
          </params>
          <reporter-output>
          </reporter-output>
        </test-method> <!-- doLogin -->
        <test-method status="PASS" signature="quit(org.testng.ITestContext)[pri:0, instance:testcases.rediff.Session@2eda0940]" name="quit" is-config="true" duration-ms="492" started-at="2022-05-06T22:01:25 CEST" finished-at="2022-05-06T22:01:25 CEST">
          <params>
            <param index="0">
              <value>
                <![CDATA[org.testng.TestRunner@61862a7f]]>
              </value>
            </param>
          </params>
          <reporter-output>
          </reporter-output>
        </test-method> <!-- quit -->
      </class> <!-- testcases.rediff.Session -->
      <class name="testcases.rediff.PortfolioManagement">
        <test-method status="PASS" signature="beforeMethod(org.testng.ITestContext)[pri:0, instance:testcases.rediff.PortfolioManagement@5c072e3f]" name="beforeMethod" is-config="true" duration-ms="2" started-at="2022-05-06T22:01:11 CEST" finished-at="2022-05-06T22:01:11 CEST">
          <params>
            <param index="0">
              <value>
                <![CDATA[org.testng.TestRunner@61862a7f]]>
              </value>
            </param>
          </params>
          <reporter-output>
          </reporter-output>
        </test-method> <!-- beforeMethod -->
        <test-method status="PASS" signature="createPortfolio(org.testng.ITestContext)[pri:0, instance:testcases.rediff.PortfolioManagement@5c072e3f]" name="createPortfolio" duration-ms="13909" started-at="2022-05-06T22:01:11 CEST" finished-at="2022-05-06T22:01:25 CEST">
          <params>
            <param index="0">
              <value>
                <![CDATA[org.testng.TestRunner@61862a7f]]>
              </value>
            </param>
          </params>
          <reporter-output>
          </reporter-output>
        </test-method> <!-- createPortfolio -->
      </class> <!-- testcases.rediff.PortfolioManagement -->
    </test> <!-- Create Portfolio Test -->
  </suite> <!-- Portfolio Suite -->
</testng-results>
