<?xml version="1.0" encoding="UTF-8"?>
<testng-results ignored="0" total="1" passed="1" failed="0" skipped="0">
  <reporter-output>
  </reporter-output>
  <suite started-at="2022-04-07T23:35:21 IST" name="Default suite" finished-at="2022-04-07T23:35:21 IST" duration-ms="39">
    <groups>
    </groups>
    <test started-at="2022-04-07T23:35:21 IST" name="Default test" finished-at="2022-04-07T23:35:21 IST" duration-ms="39">
      <class name="zoho.tests.LoginTest_2">
        <test-method signature="loginTest()[pri:0, instance:zoho.tests.LoginTest_2@212b5695]" started-at="2022-04-07T23:35:21 IST" name="loginTest" finished-at="2022-04-07T23:35:21 IST" duration-ms="9" status="PASS">
          <reporter-output>
          </reporter-output>
        </test-method> <!-- loginTest -->
      </class> <!-- zoho.tests.LoginTest_2 -->
    </test> <!-- Default test -->
  </suite> <!-- Default suite -->
</testng-results>
