<?xml version="1.0" encoding="UTF-8"?>
<!-- Generated by org.testng.reporters.JUnitXMLReporter -->
<testsuite ignored="0" hostname="pavans-mbp.home" failures="0" tests="6" name="Create Booking Test - Apply Discount - Pay@Hotel" time="0.053" errors="0" timestamp="2022-04-26T21:11:25 CEST">
  <testcase classname="testcases.BookingSearch" name="searchHotel" time="0.007"/>
  <testcase classname="testcases.BookingSearch" name="selectHotel" time="0.0"/>
  <testcase classname="testcases.BookingSearch" name="enterGuestInfo" time="0.0"/>
  <testcase classname="testcases.PaymentManager" name="applyDiscount" time="0.0"/>
  <testcase classname="testcases.PaymentManager" name="makePayment" time="0.0"/>
  <testcase classname="testcases.CustomerCommunications" name="doLogin" time="0.0"/>
</testsuite> <!-- Create Booking Test - Apply Discount - Pay@Hotel -->
