<?xml version="1.0" encoding="UTF-8"?>
<!-- Generated by org.testng.reporters.JUnitXMLReporter -->
<testsuite hostname="Pavans-MacBook-Pro.local" ignored="0" name="Test CC" tests="2" failures="2" timestamp="2022-04-13T14:30:44 IST" time="0.099" errors="0">
  <testcase name="testCC" time="0.003" classname="suitec.TestCC">
    <failure type="java.lang.AssertionError" message=" I am @testCC">
      <![CDATA[java.lang.AssertionError:  I am @testCC
at suitec.TestCC.testCC(TestCC.java:18)
at java.util.ArrayList.forEach(ArrayList.java:1259)
... Removed 29 stack frames]]>
    </failure>
  </testcase> <!-- testCC -->
  <testcase name="testCC" time="0.004" classname="suitec.TestCC">
    <failure type="java.lang.AssertionError" message=" I am @testCC">
      <![CDATA[java.lang.AssertionError:  I am @testCC
at suitec.TestCC.testCC(TestCC.java:18)
at java.util.ArrayList.forEach(ArrayList.java:1259)
... Removed 29 stack frames]]>
    </failure>
  </testcase> <!-- testCC -->
</testsuite> <!-- Test CC -->
