<?xml version="1.0" encoding="UTF-8"?>
<testng-results skipped="1" failed="1" ignored="21" total="33" passed="10">
  <reporter-output>
  </reporter-output>
  <suite name="Stock Management" duration-ms="77011" started-at="2022-05-06T23:36:17 CEST" finished-at="2022-05-06T23:37:34 CEST">
    <groups>
    </groups>
    <test name="Add New Stock Test" duration-ms="31783" started-at="2022-05-06T23:36:17 CEST" finished-at="2022-05-06T23:36:49 CEST">
      <class name="testcases.rediff.PortfolioManagement">
        <test-method status="PASS" signature="beforeTest(org.testng.ITestContext)[pri:0, instance:testcases.rediff.PortfolioManagement@47db50c5]" name="beforeTest" is-config="true" duration-ms="18726" started-at="2022-05-06T23:36:17 CEST" finished-at="2022-05-06T23:36:35 CEST">
          <params>
            <param index="0">
              <value>
                <![CDATA[org.testng.TestRunner@27e0f2f5]]>
              </value>
            </param>
          </params>
          <reporter-output>
          </reporter-output>
        </test-method> <!-- beforeTest -->
        <test-method status="PASS" signature="beforeMethod(org.testng.ITestContext)[pri:0, instance:testcases.rediff.PortfolioManagement@47db50c5]" name="beforeMethod" is-config="true" duration-ms="2" started-at="2022-05-06T23:36:36 CEST" finished-at="2022-05-06T23:36:36 CEST">
          <params>
            <param index="0">
              <value>
                <![CDATA[org.testng.TestRunner@27e0f2f5]]>
              </value>
            </param>
          </params>
          <reporter-output>
          </reporter-output>
        </test-method> <!-- beforeMethod -->
        <test-method status="PASS" signature="selectPortFolio(org.testng.ITestContext)[pri:0, instance:testcases.rediff.PortfolioManagement@47db50c5]" name="selectPortFolio" duration-ms="3093" started-at="2022-05-06T23:36:36 CEST" finished-at="2022-05-06T23:36:39 CEST">
          <params>
            <param index="0">
              <value>
                <![CDATA[org.testng.TestRunner@27e0f2f5]]>
              </value>
            </param>
          </params>
          <reporter-output>
          </reporter-output>
        </test-method> <!-- selectPortFolio -->
        <test-method status="PASS" signature="quit(org.testng.ITestContext)[pri:0, instance:testcases.rediff.PortfolioManagement@47db50c5]" name="quit" is-config="true" duration-ms="510" started-at="2022-05-06T23:36:48 CEST" finished-at="2022-05-06T23:36:49 CEST">
          <params>
            <param index="0">
              <value>
                <![CDATA[org.testng.TestRunner@27e0f2f5]]>
              </value>
            </param>
          </params>
          <reporter-output>
          </reporter-output>
        </test-method> <!-- quit -->
      </class> <!-- testcases.rediff.PortfolioManagement -->
      <class name="testcases.rediff.StockManagement">
        <test-method status="PASS" signature="beforeMethod(org.testng.ITestContext)[pri:0, instance:testcases.rediff.StockManagement@78186a70]" name="beforeMethod" is-config="true" duration-ms="1" started-at="2022-05-06T23:36:39 CEST" finished-at="2022-05-06T23:36:39 CEST">
          <params>
            <param index="0">
              <value>
                <![CDATA[org.testng.TestRunner@27e0f2f5]]>
              </value>
            </param>
          </params>
          <reporter-output>
          </reporter-output>
        </test-method> <!-- beforeMethod -->
        <test-method status="PASS" signature="addNewStock(org.testng.ITestContext)[pri:0, instance:testcases.rediff.StockManagement@78186a70]" name="addNewStock" duration-ms="6836" started-at="2022-05-06T23:36:39 CEST" finished-at="2022-05-06T23:36:45 CEST">
          <params>
            <param index="0">
              <value>
                <![CDATA[org.testng.TestRunner@27e0f2f5]]>
              </value>
            </param>
          </params>
          <reporter-output>
          </reporter-output>
        </test-method> <!-- addNewStock -->
        <test-method status="PASS" signature="beforeMethod(org.testng.ITestContext)[pri:0, instance:testcases.rediff.StockManagement@78186a70]" name="beforeMethod" is-config="true" duration-ms="2" started-at="2022-05-06T23:36:45 CEST" finished-at="2022-05-06T23:36:45 CEST">
          <params>
            <param index="0">
              <value>
                <![CDATA[org.testng.TestRunner@27e0f2f5]]>
              </value>
            </param>
          </params>
          <reporter-output>
          </reporter-output>
        </test-method> <!-- beforeMethod -->
        <test-method status="PASS" signature="verifyStockPresent()[pri:0, instance:testcases.rediff.StockManagement@78186a70]" name="verifyStockPresent" duration-ms="1427" started-at="2022-05-06T23:36:45 CEST" finished-at="2022-05-06T23:36:47 CEST">
          <reporter-output>
          </reporter-output>
        </test-method> <!-- verifyStockPresent -->
        <test-method status="PASS" signature="beforeMethod(org.testng.ITestContext)[pri:0, instance:testcases.rediff.StockManagement@78186a70]" name="beforeMethod" is-config="true" duration-ms="1" started-at="2022-05-06T23:36:47 CEST" finished-at="2022-05-06T23:36:47 CEST">
          <params>
            <param index="0">
              <value>
                <![CDATA[org.testng.TestRunner@27e0f2f5]]>
              </value>
            </param>
          </params>
          <reporter-output>
          </reporter-output>
        </test-method> <!-- beforeMethod -->
        <test-method status="FAIL" signature="verifyStockQuantity(java.lang.String,org.testng.ITestContext)[pri:0, instance:testcases.rediff.StockManagement@78186a70]" name="verifyStockQuantity" duration-ms="1055" started-at="2022-05-06T23:36:47 CEST" finished-at="2022-05-06T23:36:48 CEST">
          <params>
            <param index="0">
              <value>
                <![CDATA[addstock]]>
              </value>
            </param>
            <param index="1">
              <value>
                <![CDATA[org.testng.TestRunner@27e0f2f5]]>
              </value>
            </param>
          </params>
          <exception class="java.lang.AssertionError">
            <message>
              <![CDATA[The following asserts failed:
Quantity did not match]]>
            </message>
            <full-stacktrace>
              <![CDATA[java.lang.AssertionError: The following asserts failed:
Quantity did not match
at org.testng.asserts.SoftAssert.assertAll(SoftAssert.java:47)
at org.testng.asserts.SoftAssert.assertAll(SoftAssert.java:31)
at keywords.GenericKeyWords.assertAll(GenericKeyWords.java:187)
at keywords.GenericKeyWords.reportFailure(GenericKeyWords.java:181)
at testcases.rediff.StockManagement.verifyStockQuantity(StockManagement.java:119)
at sun.reflect.NativeMethodAccessorImpl.invoke0(Native Method)
at sun.reflect.NativeMethodAccessorImpl.invoke(NativeMethodAccessorImpl.java:62)
at sun.reflect.DelegatingMethodAccessorImpl.invoke(DelegatingMethodAccessorImpl.java:43)
at java.lang.reflect.Method.invoke(Method.java:498)
at org.testng.internal.MethodInvocationHelper.invokeMethod(MethodInvocationHelper.java:133)
at org.testng.internal.TestInvoker.invokeMethod(TestInvoker.java:598)
at org.testng.internal.TestInvoker.invokeTestMethod(TestInvoker.java:173)
at org.testng.internal.MethodRunner.runInSequence(MethodRunner.java:46)
at org.testng.internal.TestInvoker$MethodInvocationAgent.invoke(TestInvoker.java:824)
at org.testng.internal.TestInvoker.invokeTestMethods(TestInvoker.java:146)
at org.testng.internal.TestMethodWorker.invokeTestMethods(TestMethodWorker.java:146)
at org.testng.internal.TestMethodWorker.run(TestMethodWorker.java:128)
at java.util.ArrayList.forEach(ArrayList.java:1259)
at org.testng.TestRunner.privateRun(TestRunner.java:794)
at org.testng.TestRunner.run(TestRunner.java:596)
at org.testng.SuiteRunner.runTest(SuiteRunner.java:377)
at org.testng.SuiteRunner.runSequentially(SuiteRunner.java:371)
at org.testng.SuiteRunner.privateRun(SuiteRunner.java:332)
at org.testng.SuiteRunner.run(SuiteRunner.java:276)
at org.testng.SuiteRunnerWorker.runSuite(SuiteRunnerWorker.java:53)
at org.testng.SuiteRunnerWorker.run(SuiteRunnerWorker.java:96)
at org.testng.TestNG.runSuitesSequentially(TestNG.java:1212)
at org.testng.TestNG.runSuitesLocally(TestNG.java:1134)
at org.testng.TestNG.runSuites(TestNG.java:1063)
at org.testng.TestNG.run(TestNG.java:1031)
at org.testng.remote.AbstractRemoteTestNG.run(AbstractRemoteTestNG.java:115)
at org.testng.remote.RemoteTestNG.initAndRun(RemoteTestNG.java:251)
at org.testng.remote.RemoteTestNG.main(RemoteTestNG.java:77)
]]>
            </full-stacktrace>
          </exception> <!-- java.lang.AssertionError -->
          <reporter-output>
          </reporter-output>
        </test-method> <!-- verifyStockQuantity -->
        <test-method status="SKIP" signature="beforeMethod(org.testng.ITestContext)[pri:0, instance:testcases.rediff.StockManagement@78186a70]" name="beforeMethod" is-config="true" duration-ms="1" started-at="2022-05-06T23:36:48 CEST" finished-at="2022-05-06T23:36:48 CEST">
          <params>
            <param index="0">
              <value>
                <![CDATA[org.testng.TestRunner@27e0f2f5]]>
              </value>
            </param>
          </params>
          <exception class="org.testng.SkipException">
            <message>
              <![CDATA[Critical Failure in Previous Test]]>
            </message>
            <full-stacktrace>
              <![CDATA[org.testng.SkipException: Critical Failure in Previous Test
at testbase.BaseTest_My.beforeMethod(BaseTest_My.java:50)
at sun.reflect.NativeMethodAccessorImpl.invoke0(Native Method)
at sun.reflect.NativeMethodAccessorImpl.invoke(NativeMethodAccessorImpl.java:62)
at sun.reflect.DelegatingMethodAccessorImpl.invoke(DelegatingMethodAccessorImpl.java:43)
at java.lang.reflect.Method.invoke(Method.java:498)
at org.testng.internal.MethodInvocationHelper.invokeMethod(MethodInvocationHelper.java:133)
at org.testng.internal.MethodInvocationHelper.invokeMethodConsideringTimeout(MethodInvocationHelper.java:62)
at org.testng.internal.ConfigInvoker.invokeConfigurationMethod(ConfigInvoker.java:385)
at org.testng.internal.ConfigInvoker.invokeConfigurations(ConfigInvoker.java:321)
at org.testng.internal.TestInvoker.runConfigMethods(TestInvoker.java:700)
at org.testng.internal.TestInvoker.invokeMethod(TestInvoker.java:527)
at org.testng.internal.TestInvoker.invokeTestMethod(TestInvoker.java:173)
at org.testng.internal.MethodRunner.runInSequence(MethodRunner.java:46)
at org.testng.internal.TestInvoker$MethodInvocationAgent.invoke(TestInvoker.java:824)
at org.testng.internal.TestInvoker.invokeTestMethods(TestInvoker.java:146)
at org.testng.internal.TestMethodWorker.invokeTestMethods(TestMethodWorker.java:146)
at org.testng.internal.TestMethodWorker.run(TestMethodWorker.java:128)
at java.util.ArrayList.forEach(ArrayList.java:1259)
at org.testng.TestRunner.privateRun(TestRunner.java:794)
at org.testng.TestRunner.run(TestRunner.java:596)
at org.testng.SuiteRunner.runTest(SuiteRunner.java:377)
at org.testng.SuiteRunner.runSequentially(SuiteRunner.java:371)
at org.testng.SuiteRunner.privateRun(SuiteRunner.java:332)
at org.testng.SuiteRunner.run(SuiteRunner.java:276)
at org.testng.SuiteRunnerWorker.runSuite(SuiteRunnerWorker.java:53)
at org.testng.SuiteRunnerWorker.run(SuiteRunnerWorker.java:96)
at org.testng.TestNG.runSuitesSequentially(TestNG.java:1212)
at org.testng.TestNG.runSuitesLocally(TestNG.java:1134)
at org.testng.TestNG.runSuites(TestNG.java:1063)
at org.testng.TestNG.run(TestNG.java:1031)
at org.testng.remote.AbstractRemoteTestNG.run(AbstractRemoteTestNG.java:115)
at org.testng.remote.RemoteTestNG.initAndRun(RemoteTestNG.java:251)
at org.testng.remote.RemoteTestNG.main(RemoteTestNG.java:77)
]]>
            </full-stacktrace>
          </exception> <!-- org.testng.SkipException -->
          <reporter-output>
          </reporter-output>
        </test-method> <!-- beforeMethod -->
        <test-method status="SKIP" signature="verifyTransactionHistory(java.lang.String)[pri:0, instance:testcases.rediff.StockManagement@78186a70]" name="verifyTransactionHistory" duration-ms="0" started-at="2022-05-06T23:36:48 CEST" finished-at="2022-05-06T23:36:48 CEST">
          <params>
            <param index="0">
              <value>
                <![CDATA[addstock]]>
              </value>
            </param>
          </params>
          <exception class="org.testng.SkipException">
            <message>
              <![CDATA[Critical Failure in Previous Test]]>
            </message>
            <full-stacktrace>
              <![CDATA[org.testng.SkipException: Critical Failure in Previous Test
at testbase.BaseTest_My.beforeMethod(BaseTest_My.java:50)
at sun.reflect.NativeMethodAccessorImpl.invoke0(Native Method)
at sun.reflect.NativeMethodAccessorImpl.invoke(NativeMethodAccessorImpl.java:62)
at sun.reflect.DelegatingMethodAccessorImpl.invoke(DelegatingMethodAccessorImpl.java:43)
at java.lang.reflect.Method.invoke(Method.java:498)
at org.testng.internal.MethodInvocationHelper.invokeMethod(MethodInvocationHelper.java:133)
at org.testng.internal.MethodInvocationHelper.invokeMethodConsideringTimeout(MethodInvocationHelper.java:62)
at org.testng.internal.ConfigInvoker.invokeConfigurationMethod(ConfigInvoker.java:385)
at org.testng.internal.ConfigInvoker.invokeConfigurations(ConfigInvoker.java:321)
at org.testng.internal.TestInvoker.runConfigMethods(TestInvoker.java:700)
at org.testng.internal.TestInvoker.invokeMethod(TestInvoker.java:527)
at org.testng.internal.TestInvoker.invokeTestMethod(TestInvoker.java:173)
at org.testng.internal.MethodRunner.runInSequence(MethodRunner.java:46)
at org.testng.internal.TestInvoker$MethodInvocationAgent.invoke(TestInvoker.java:824)
at org.testng.internal.TestInvoker.invokeTestMethods(TestInvoker.java:146)
at org.testng.internal.TestMethodWorker.invokeTestMethods(TestMethodWorker.java:146)
at org.testng.internal.TestMethodWorker.run(TestMethodWorker.java:128)
at java.util.ArrayList.forEach(ArrayList.java:1259)
at org.testng.TestRunner.privateRun(TestRunner.java:794)
at org.testng.TestRunner.run(TestRunner.java:596)
at org.testng.SuiteRunner.runTest(SuiteRunner.java:377)
at org.testng.SuiteRunner.runSequentially(SuiteRunner.java:371)
at org.testng.SuiteRunner.privateRun(SuiteRunner.java:332)
at org.testng.SuiteRunner.run(SuiteRunner.java:276)
at org.testng.SuiteRunnerWorker.runSuite(SuiteRunnerWorker.java:53)
at org.testng.SuiteRunnerWorker.run(SuiteRunnerWorker.java:96)
at org.testng.TestNG.runSuitesSequentially(TestNG.java:1212)
at org.testng.TestNG.runSuitesLocally(TestNG.java:1134)
at org.testng.TestNG.runSuites(TestNG.java:1063)
at org.testng.TestNG.run(TestNG.java:1031)
at org.testng.remote.AbstractRemoteTestNG.run(AbstractRemoteTestNG.java:115)
at org.testng.remote.RemoteTestNG.initAndRun(RemoteTestNG.java:251)
at org.testng.remote.RemoteTestNG.main(RemoteTestNG.java:77)
]]>
            </full-stacktrace>
          </exception> <!-- org.testng.SkipException -->
          <reporter-output>
          </reporter-output>
        </test-method> <!-- verifyTransactionHistory -->
      </class> <!-- testcases.rediff.StockManagement -->
    </test> <!-- Add New Stock Test -->
    <test name="Modify Stock Test - Sell Stock" duration-ms="25910" started-at="2022-05-06T23:36:49 CEST" finished-at="2022-05-06T23:37:14 CEST">
      <class name="testcases.rediff.PortfolioManagement">
        <test-method status="PASS" signature="beforeTest(org.testng.ITestContext)[pri:0, instance:testcases.rediff.PortfolioManagement@80169cf]" name="beforeTest" is-config="true" duration-ms="16497" started-at="2022-05-06T23:36:49 CEST" finished-at="2022-05-06T23:37:05 CEST">
          <params>
            <param index="0">
              <value>
                <![CDATA[org.testng.TestRunner@ae372b9]]>
              </value>
            </param>
          </params>
          <reporter-output>
          </reporter-output>
        </test-method> <!-- beforeTest -->
        <test-method status="PASS" signature="beforeMethod(org.testng.ITestContext)[pri:0, instance:testcases.rediff.PortfolioManagement@80169cf]" name="beforeMethod" is-config="true" duration-ms="3" started-at="2022-05-06T23:37:05 CEST" finished-at="2022-05-06T23:37:05 CEST">
          <params>
            <param index="0">
              <value>
                <![CDATA[org.testng.TestRunner@ae372b9]]>
              </value>
            </param>
          </params>
          <reporter-output>
          </reporter-output>
        </test-method> <!-- beforeMethod -->
        <test-method status="PASS" signature="selectPortFolio(org.testng.ITestContext)[pri:0, instance:testcases.rediff.PortfolioManagement@80169cf]" name="selectPortFolio" duration-ms="1592" started-at="2022-05-06T23:37:05 CEST" finished-at="2022-05-06T23:37:07 CEST">
          <params>
            <param index="0">
              <value>
                <![CDATA[org.testng.TestRunner@ae372b9]]>
              </value>
            </param>
          </params>
          <reporter-output>
          </reporter-output>
        </test-method> <!-- selectPortFolio -->
        <test-method status="PASS" signature="quit(org.testng.ITestContext)[pri:0, instance:testcases.rediff.PortfolioManagement@80169cf]" name="quit" is-config="true" duration-ms="131" started-at="2022-05-06T23:37:14 CEST" finished-at="2022-05-06T23:37:14 CEST">
          <params>
            <param index="0">
              <value>
                <![CDATA[org.testng.TestRunner@ae372b9]]>
              </value>
            </param>
          </params>
          <reporter-output>
          </reporter-output>
        </test-method> <!-- quit -->
      </class> <!-- testcases.rediff.PortfolioManagement -->
      <class name="testcases.rediff.StockManagement">
        <test-method status="PASS" signature="verifyStockPresent()[pri:0, instance:testcases.rediff.StockManagement@5427c60c]" name="verifyStockPresent" duration-ms="1073" started-at="2022-05-06T23:37:07 CEST" finished-at="2022-05-06T23:37:08 CEST">
          <reporter-output>
          </reporter-output>
        </test-method> <!-- verifyStockPresent -->
        <test-method status="PASS" signature="beforeMethod(org.testng.ITestContext)[pri:0, instance:testcases.rediff.StockManagement@5427c60c]" name="beforeMethod" is-config="true" duration-ms="0" started-at="2022-05-06T23:37:07 CEST" finished-at="2022-05-06T23:37:07 CEST">
          <params>
            <param index="0">
              <value>
                <![CDATA[org.testng.TestRunner@ae372b9]]>
              </value>
            </param>
          </params>
          <reporter-output>
          </reporter-output>
        </test-method> <!-- beforeMethod -->
        <test-method status="PASS" signature="beforeMethod(org.testng.ITestContext)[pri:0, instance:testcases.rediff.StockManagement@5427c60c]" name="beforeMethod" is-config="true" duration-ms="3" started-at="2022-05-06T23:37:08 CEST" finished-at="2022-05-06T23:37:08 CEST">
          <params>
            <param index="0">
              <value>
                <![CDATA[org.testng.TestRunner@ae372b9]]>
              </value>
            </param>
          </params>
          <reporter-output>
          </reporter-output>
        </test-method> <!-- beforeMethod -->
        <test-method status="PASS" signature="modifyStock(java.lang.String,org.testng.ITestContext)[pri:0, instance:testcases.rediff.StockManagement@5427c60c]" name="modifyStock" duration-ms="5070" started-at="2022-05-06T23:37:08 CEST" finished-at="2022-05-06T23:37:13 CEST">
          <params>
            <param index="0">
              <value>
                <![CDATA[sellstock]]>
              </value>
            </param>
            <param index="1">
              <value>
                <![CDATA[org.testng.TestRunner@ae372b9]]>
              </value>
            </param>
          </params>
          <reporter-output>
          </reporter-output>
        </test-method> <!-- modifyStock -->
        <test-method status="PASS" signature="beforeMethod(org.testng.ITestContext)[pri:0, instance:testcases.rediff.StockManagement@5427c60c]" name="beforeMethod" is-config="true" duration-ms="1" started-at="2022-05-06T23:37:13 CEST" finished-at="2022-05-06T23:37:13 CEST">
          <params>
            <param index="0">
              <value>
                <![CDATA[org.testng.TestRunner@ae372b9]]>
              </value>
            </param>
          </params>
          <reporter-output>
          </reporter-output>
        </test-method> <!-- beforeMethod -->
        <test-method status="PASS" signature="verifyStockQuantity(java.lang.String,org.testng.ITestContext)[pri:0, instance:testcases.rediff.StockManagement@5427c60c]" name="verifyStockQuantity" duration-ms="471" started-at="2022-05-06T23:37:13 CEST" finished-at="2022-05-06T23:37:13 CEST">
          <params>
            <param index="0">
              <value>
                <![CDATA[sellstock]]>
              </value>
            </param>
            <param index="1">
              <value>
                <![CDATA[org.testng.TestRunner@ae372b9]]>
              </value>
            </param>
          </params>
          <reporter-output>
          </reporter-output>
        </test-method> <!-- verifyStockQuantity -->
        <test-method status="PASS" signature="beforeMethod(org.testng.ITestContext)[pri:0, instance:testcases.rediff.StockManagement@5427c60c]" name="beforeMethod" is-config="true" duration-ms="0" started-at="2022-05-06T23:37:13 CEST" finished-at="2022-05-06T23:37:13 CEST">
          <params>
            <param index="0">
              <value>
                <![CDATA[org.testng.TestRunner@ae372b9]]>
              </value>
            </param>
          </params>
          <reporter-output>
          </reporter-output>
        </test-method> <!-- beforeMethod -->
        <test-method status="PASS" signature="verifyTransactionHistory(java.lang.String)[pri:0, instance:testcases.rediff.StockManagement@5427c60c]" name="verifyTransactionHistory" duration-ms="1033" started-at="2022-05-06T23:37:13 CEST" finished-at="2022-05-06T23:37:14 CEST">
          <params>
            <param index="0">
              <value>
                <![CDATA[sellstock]]>
              </value>
            </param>
          </params>
          <reporter-output>
          </reporter-output>
        </test-method> <!-- verifyTransactionHistory -->
      </class> <!-- testcases.rediff.StockManagement -->
    </test> <!-- Modify Stock Test - Sell Stock -->
    <test name="Modify Stock Test - Add Stock" duration-ms="19248" started-at="2022-05-06T23:37:14 CEST" finished-at="2022-05-06T23:37:34 CEST">
      <class name="testcases.rediff.PortfolioManagement">
        <test-method status="PASS" signature="beforeTest(org.testng.ITestContext)[pri:0, instance:testcases.rediff.PortfolioManagement@6366ebe0]" name="beforeTest" is-config="true" duration-ms="15409" started-at="2022-05-06T23:37:14 CEST" finished-at="2022-05-06T23:37:30 CEST">
          <params>
            <param index="0">
              <value>
                <![CDATA[org.testng.TestRunner@3a01773b]]>
              </value>
            </param>
          </params>
          <reporter-output>
          </reporter-output>
        </test-method> <!-- beforeTest -->
        <test-method status="PASS" signature="beforeMethod(org.testng.ITestContext)[pri:0, instance:testcases.rediff.PortfolioManagement@6366ebe0]" name="beforeMethod" is-config="true" duration-ms="4" started-at="2022-05-06T23:37:30 CEST" finished-at="2022-05-06T23:37:30 CEST">
          <params>
            <param index="0">
              <value>
                <![CDATA[org.testng.TestRunner@3a01773b]]>
              </value>
            </param>
          </params>
          <reporter-output>
          </reporter-output>
        </test-method> <!-- beforeMethod -->
        <test-method status="PASS" signature="selectPortFolio(org.testng.ITestContext)[pri:0, instance:testcases.rediff.PortfolioManagement@6366ebe0]" name="selectPortFolio" duration-ms="2870" started-at="2022-05-06T23:37:30 CEST" finished-at="2022-05-06T23:37:33 CEST">
          <params>
            <param index="0">
              <value>
                <![CDATA[org.testng.TestRunner@3a01773b]]>
              </value>
            </param>
          </params>
          <reporter-output>
          </reporter-output>
        </test-method> <!-- selectPortFolio -->
        <test-method status="PASS" signature="quit(org.testng.ITestContext)[pri:0, instance:testcases.rediff.PortfolioManagement@6366ebe0]" name="quit" is-config="true" duration-ms="131" started-at="2022-05-06T23:37:34 CEST" finished-at="2022-05-06T23:37:34 CEST">
          <params>
            <param index="0">
              <value>
                <![CDATA[org.testng.TestRunner@3a01773b]]>
              </value>
            </param>
          </params>
          <reporter-output>
          </reporter-output>
        </test-method> <!-- quit -->
      </class> <!-- testcases.rediff.PortfolioManagement -->
      <class name="testcases.rediff.StockManagement">
        <test-method status="PASS" signature="beforeMethod(org.testng.ITestContext)[pri:0, instance:testcases.rediff.StockManagement@44f75083]" name="beforeMethod" is-config="true" duration-ms="2" started-at="2022-05-06T23:37:33 CEST" finished-at="2022-05-06T23:37:33 CEST">
          <params>
            <param index="0">
              <value>
                <![CDATA[org.testng.TestRunner@3a01773b]]>
              </value>
            </param>
          </params>
          <reporter-output>
          </reporter-output>
        </test-method> <!-- beforeMethod -->
        <test-method status="PASS" signature="verifyStockPresent()[pri:0, instance:testcases.rediff.StockManagement@44f75083]" name="verifyStockPresent" duration-ms="781" started-at="2022-05-06T23:37:33 CEST" finished-at="2022-05-06T23:37:34 CEST">
          <reporter-output>
          </reporter-output>
        </test-method> <!-- verifyStockPresent -->
      </class> <!-- testcases.rediff.StockManagement -->
    </test> <!-- Modify Stock Test - Add Stock -->
  </suite> <!-- Stock Management -->
</testng-results>
