<?xml version="1.0" encoding="UTF-8"?>
<testng-results ignored="0" total="1" passed="1" failed="0" skipped="0">
  <reporter-output>
  </reporter-output>
  <suite started-at="2022-04-19T10:55:24 IST" name="Default suite" finished-at="2022-04-19T10:55:24 IST" duration-ms="39">
    <groups>
    </groups>
    <test started-at="2022-04-19T10:55:24 IST" name="Default test" finished-at="2022-04-19T10:55:24 IST" duration-ms="39">
      <class name="testcases.CreateProfileTest">
        <test-method signature="createProfileTest()[pri:0, instance:testcases.CreateProfileTest@3bf9ce3e]" started-at="2022-04-19T10:55:24 IST" name="createProfileTest" finished-at="2022-04-19T10:55:24 IST" duration-ms="8" status="PASS">
          <reporter-output>
          </reporter-output>
        </test-method> <!-- createProfileTest -->
      </class> <!-- testcases.CreateProfileTest -->
    </test> <!-- Default test -->
  </suite> <!-- Default suite -->
</testng-results>
